INFO:root:Created new directory ./experiments/mnist/dirichlet_mnist/GR/n_20_m_16_f_6_T_100_runs_5_alpha_100.0
INFO:root:Initial dataloading done
INFO:root:runtime [109.95163369178772, 109.71919560432434, 110.53912544250488, 110.2853651046753, 110.93693470954895]
INFO:root:results [[[37.95 35.55]
  [58.2  73.4 ]
  [64.2  77.75]
  [68.25 77.45]
  [53.1  78.2 ]
  [18.05 69.4 ]]

 [[54.2  56.95]
  [63.35 73.4 ]
  [69.35 75.7 ]
  [69.7  74.95]
  [57.75 80.75]
  [46.45 76.5 ]]

 [[51.9  44.7 ]
  [60.3  74.35]
  [66.75 77.4 ]
  [69.35 79.45]
  [68.05 81.5 ]
  [55.   75.05]]

 [[45.85 48.1 ]
  [56.95 74.75]
  [63.05 78.35]
  [53.3  80.  ]
  [56.8  79.5 ]
  [21.6  77.95]]

 [[46.95 45.1 ]
  [61.55 64.35]
  [65.   70.85]
  [60.55 71.7 ]
  [45.2  66.75]
  [35.45 55.15]]]
INFO:root:Average accuracies [46.725 66.06  70.84  70.47  66.76  53.06 ]
INFO:root:f1 score [0.7997543 1.        1.        1.        1.        0.8974478]
