INFO:root:Created new directory ./experiments/mnist/dirichlet_mnist/n_20_m_8_f_0_T_100_runs_5_alpha_100.0
INFO:root:Initial dataloading done
INFO:root:runtime [115.31894183158875, 114.51917028427124, 114.71593475341797, 114.47261357307434, 114.95429563522339]
INFO:root:results [[[25.15 37.55]
  [69.95 80.1 ]
  [78.65 82.05]
  [81.45 82.2 ]
  [80.95 82.2 ]
  [79.95 82.55]]

 [[38.55 42.35]
  [75.25 82.05]
  [79.3  84.25]
  [71.   85.65]
  [80.4  85.6 ]
  [77.35 85.35]]

 [[37.   36.65]
  [59.2  75.  ]
  [68.2  79.15]
  [73.4  80.1 ]
  [75.1  81.3 ]
  [80.2  81.6 ]]

 [[42.9  55.65]
  [72.75 80.  ]
  [77.85 82.45]
  [76.5  83.6 ]
  [78.   84.3 ]
  [78.45 84.15]]

 [[38.1  40.1 ]
  [64.45 80.9 ]
  [67.3  83.4 ]
  [76.95 83.8 ]
  [81.55 85.05]
  [78.35 85.55]]]
INFO:root:Average accuracies [39.4   73.965 78.26  79.465 81.445 81.35 ]
INFO:root:f1 score [0.79817232 1.         1.         1.         1.         1.        ]
