INFO:root:Created new directory ./experiments/mnist/dirichlet_mnist/GR/n_20_m_16_f_9_T_100_runs_5_alpha_100.0
INFO:root:Initial dataloading done
INFO:root:runtime [97.38034653663635, 96.47554278373718, 96.52909398078918, 96.45010876655579, 96.38928937911987]
INFO:root:results [[[38.   35.7 ]
  [37.5  40.4 ]
  [37.25 39.55]
  [37.45 41.65]
  [31.75 41.05]
  [10.9  15.4 ]]

 [[47.55 59.4 ]
  [48.9  58.45]
  [48.45 57.25]
  [44.55 58.25]
  [33.15 54.85]
  [ 9.05 11.5 ]]

 [[43.5  46.1 ]
  [46.7  48.3 ]
  [45.85 45.55]
  [45.15 47.65]
  [34.3  40.8 ]
  [ 9.2  21.7 ]]

 [[48.6  59.3 ]
  [48.6  60.3 ]
  [48.   61.4 ]
  [47.4  62.35]
  [35.95 59.55]
  [11.05 23.35]]

 [[42.15 63.85]
  [47.85 65.4 ]
  [49.7  63.8 ]
  [48.1  55.15]
  [38.7  55.  ]
  [18.3  18.45]]]
INFO:root:Average accuracies [48.415 50.24  49.68  48.77  42.51  14.89 ]
INFO:root:f1 score [0.9        0.9        0.99976019 0.99975669 0.79964158 0.39977324]
