INFO:root:Created new directory ./experiments/mnist/dirichlet_mnist/n_20_m_8_f_3_T_100_runs_5_alpha_1.0
INFO:root:Initial dataloading done
INFO:root:runtime [113.11018013954163, 111.62448406219482, 110.87341213226318, 110.35259103775024, 108.56357336044312]
INFO:root:results [[[44.15 42.6 ]
  [62.05 80.2 ]
  [72.35 82.8 ]
  [75.2  83.15]
  [70.45 82.65]
  [74.9  78.25]]

 [[52.9  46.85]
  [66.3  76.05]
  [71.45 79.  ]
  [73.9  79.4 ]
  [57.55 79.55]
  [70.9  76.  ]]

 [[41.05 45.85]
  [70.5  73.25]
  [75.65 79.55]
  [76.95 79.85]
  [77.4  80.65]
  [75.1  78.2 ]]

 [[44.   60.5 ]
  [61.75 82.2 ]
  [69.85 81.7 ]
  [62.2  78.85]
  [73.1  77.8 ]
  [73.9  75.3 ]]

 [[38.85 52.8 ]
  [67.55 74.85]
  [71.85 80.35]
  [75.7  81.1 ]
  [75.55 79.95]
  [70.8  82.4 ]]]
INFO:root:Average accuracies [46.955 71.47  76.455 76.63  75.465 75.575]
INFO:root:f1 score [0.89522277 0.99905615 0.9990737  0.99908248 0.99938998 0.99959839]
