INFO:root:Created new directory ./experiments/mnist/dirichlet_mnist/NS/n_20_m_8_f_3_T_100_runs_5_alpha_100.0
INFO:root:Initial dataloading done
INFO:root:runtime [109.2455427646637, 108.87850379943848, 108.96629333496094, 108.78130388259888, 108.76112198829651]
INFO:root:results [[[25.15 37.2 ]
  [63.5  78.85]
  [74.35 80.05]
  [75.9  80.85]
  [77.75 81.05]
  [71.8  81.3 ]]

 [[27.9  39.2 ]
  [61.5  78.3 ]
  [71.95 81.8 ]
  [77.2  81.75]
  [79.25 82.1 ]
  [72.6  81.9 ]]

 [[37.95 46.25]
  [64.4  75.95]
  [71.9  79.1 ]
  [73.95 78.5 ]
  [75.8  77.95]
  [75.1  78.75]]

 [[38.   34.25]
  [68.55 76.  ]
  [76.7  78.5 ]
  [73.85 79.75]
  [73.45 80.6 ]
  [74.25 80.6 ]]

 [[29.35 50.65]
  [61.25 78.95]
  [57.85 81.05]
  [75.35 83.15]
  [77.05 83.65]
  [76.9  83.55]]]
INFO:root:Average accuracies [36.59  70.725 75.325 78.025 78.865 77.675]
INFO:root:f1 score [0.59891439 0.99975787 1.         1.         1.         1.        ]
