INFO:root:Created new directory ./experiments/mnist/dirichlet_mnist/NS/n_20_m_8_f_6_T_100_runs_5_alpha_1.0
INFO:root:Initial dataloading done
INFO:root:runtime [99.19446015357971, 98.74857592582703, 98.55782842636108, 98.74828672409058, 98.66057777404785]
INFO:root:results [[[44.35 42.5 ]
  [53.55 71.45]
  [60.6  75.95]
  [66.95 77.8 ]
  [65.   78.3 ]
  [62.45 76.  ]]

 [[58.4  40.05]
  [65.85 69.6 ]
  [70.65 72.8 ]
  [69.55 74.25]
  [71.4  75.15]
  [55.2  71.95]]

 [[52.85 55.85]
  [65.5  65.9 ]
  [70.75 73.25]
  [72.5  74.25]
  [73.35 77.2 ]
  [60.2  77.3 ]]

 [[56.4  55.15]
  [65.6  76.65]
  [67.65 78.6 ]
  [69.8  79.35]
  [58.6  79.45]
  [63.6  77.8 ]]

 [[42.   49.7 ]
  [52.45 66.7 ]
  [63.45 72.2 ]
  [72.3  74.55]
  [72.05 75.2 ]
  [45.55 71.65]]]
INFO:root:Average accuracies [49.725 65.325 70.59  73.13  72.57  66.17 ]
INFO:root:f1 score [0.49893617 0.89874477 0.9993011  1.         1.         0.99977427]
