INFO:root:Created new directory ./experiments/mnist/dirichlet_mnist/n_20_m_8_f_3_T_100_runs_5_alpha_100.0
INFO:root:Initial dataloading done
INFO:root:runtime [113.99915719032288, 110.31322908401489, 110.48160648345947, 110.42064142227173, 110.59544372558594]
INFO:root:results [[[25.15 37.2 ]
  [61.4  77.05]
  [72.55 79.85]
  [75.85 79.8 ]
  [78.3  80.1 ]
  [49.   80.7 ]]

 [[27.9  39.2 ]
  [59.55 77.1 ]
  [72.6  79.4 ]
  [60.05 80.05]
  [77.65 80.75]
  [68.6  80.3 ]]

 [[37.95 46.25]
  [62.65 75.1 ]
  [72.65 77.1 ]
  [72.95 78.15]
  [72.9  76.95]
  [71.4  78.25]]

 [[38.   34.25]
  [67.55 75.4 ]
  [71.   78.5 ]
  [75.45 79.15]
  [65.25 79.6 ]
  [68.6  77.45]]

 [[29.35 50.65]
  [58.25 78.05]
  [71.4  80.3 ]
  [70.9  81.35]
  [76.4  82.6 ]
  [73.5  82.3 ]]]
INFO:root:Average accuracies [36.59  69.21  75.535 75.37  77.05  73.01 ]
INFO:root:f1 score [0.59891439 0.99975787 0.99952267 0.99975787 1.         1.        ]
