INFO:root:Created new directory ./experiments/mnist/dirichlet_mnist/n_20_m_8_f_6_T_100_runs_5_alpha_100.0
INFO:root:Initial dataloading done
INFO:root:runtime [100.59663677215576, 101.13136863708496, 101.02798366546631, 99.50464487075806, 99.21969676017761]
INFO:root:results [[[25.15 37.3 ]
  [41.05 70.1 ]
  [56.   72.1 ]
  [57.15 71.3 ]
  [48.8  72.05]
  [21.65 53.85]]

 [[38.65 34.05]
  [53.65 55.15]
  [58.35 58.8 ]
  [59.4  61.95]
  [57.35 64.85]
  [ 9.6  63.5 ]]

 [[39.95 40.1 ]
  [49.   69.7 ]
  [53.95 73.  ]
  [56.5  74.95]
  [55.5  71.05]
  [12.1  67.95]]

 [[32.9  33.75]
  [43.6  64.05]
  [54.25 68.45]
  [57.15 68.65]
  [52.85 71.65]
  [10.4  55.55]]

 [[35.4  43.2 ]
  [47.25 61.4 ]
  [61.65 64.75]
  [63.25 76.2 ]
  [45.55 70.2 ]
  [31.8  66.75]]]
INFO:root:Average accuracies [36.045 55.495 62.13  64.65  60.985 39.315]
INFO:root:f1 score [0.39011333 0.79211944 0.89748744 0.99872123 0.89728395 0.79901478]
