INFO:root:Created new directory ./experiments/mnist/dirichlet_mnist/GR/n_20_m_16_f_6_T_100_runs_5_alpha_3.0
INFO:root:Initial dataloading done
INFO:root:runtime [115.73420572280884, 114.99919700622559, 108.64278435707092, 108.46066641807556, 108.50975608825684]
INFO:root:results [[[55.25 67.8 ]
  [60.9  84.8 ]
  [67.35 85.85]
  [65.7  85.6 ]
  [64.2  86.85]
  [29.8  73.65]]

 [[43.15 62.  ]
  [54.5  81.5 ]
  [64.65 85.1 ]
  [63.05 85.55]
  [57.25 83.5 ]
  [ 8.7  54.2 ]]

 [[54.4  71.45]
  [70.6  74.35]
  [73.25 77.85]
  [73.8  80.  ]
  [70.95 78.75]
  [12.7  62.6 ]]

 [[53.4  69.8 ]
  [64.35 76.35]
  [67.8  78.75]
  [67.95 80.  ]
  [61.   79.9 ]
  [ 8.6  52.95]]

 [[54.3  58.25]
  [64.1  84.5 ]
  [66.35 83.4 ]
  [68.2  83.65]
  [60.6  86.15]
  [23.75 57.6 ]]]
INFO:root:Average accuracies [58.98  71.595 75.035 75.35  72.915 38.455]
INFO:root:f1 score [0.9        1.         1.         0.99972452 1.         0.49935606]
