INFO:root:Created new directory ./experiments/mnist/dirichlet_mnist/PR/n_20_m_16_f_3_T_100_runs_5_alpha_1.0
INFO:root:Initial dataloading done
INFO:root:runtime [120.4449827671051, 119.91682362556458, 120.34198808670044, 120.08618545532227, 120.1241774559021]
INFO:root:results [[[62.3  63.9 ]
  [74.   78.8 ]
  [77.8  81.55]
  [81.35 82.55]
  [83.3  83.35]
  [67.85 83.15]]

 [[58.5  51.65]
  [69.05 75.4 ]
  [74.5  81.8 ]
  [68.9  83.8 ]
  [65.6  82.4 ]
  [75.65 80.75]]

 [[58.55 69.7 ]
  [75.2  86.1 ]
  [81.6  86.7 ]
  [83.55 86.75]
  [83.35 86.75]
  [83.   86.95]]

 [[47.05 68.05]
  [58.   80.45]
  [69.8  85.2 ]
  [71.95 85.5 ]
  [67.65 85.4 ]
  [77.85 83.95]]

 [[52.85 61.15]
  [67.55 81.1 ]
  [69.35 83.95]
  [69.65 85.  ]
  [67.95 85.2 ]
  [79.75 85.9 ]]]
INFO:root:Average accuracies [59.37  74.565 79.225 79.9   79.095 80.48 ]
INFO:root:f1 score [0.89945828 0.99978118 0.9994075  0.99904932 0.9996337  0.9996337 ]
