INFO:root:Created new directory ./experiments/mnist/dirichlet_mnist/GR/n_20_m_8_f_9_T_100_runs_5_alpha_100.0
INFO:root:Initial dataloading done
INFO:root:runtime [90.02597403526306, 89.71687483787537, 89.3870780467987, 90.10367012023926, 89.48805785179138]
INFO:root:results [[[25.15 37.25]
  [25.8  38.15]
  [25.4  37.  ]
  [24.55 41.55]
  [19.9  34.45]
  [12.7  26.6 ]]

 [[47.05 40.45]
  [47.55 44.4 ]
  [46.   43.  ]
  [45.5  44.25]
  [35.95 39.2 ]
  [23.55 22.85]]

 [[46.4  38.2 ]
  [44.05 46.8 ]
  [42.1  47.45]
  [42.45 48.3 ]
  [18.25 44.65]
  [13.45 23.65]]

 [[30.25 42.25]
  [31.6  42.5 ]
  [32.1  34.35]
  [33.85 34.3 ]
  [32.   33.3 ]
  [20.55 33.2 ]]

 [[29.7  49.85]
  [31.7  52.4 ]
  [28.6  50.  ]
  [21.7  50.5 ]
  [10.55 50.3 ]
  [10.6  17.5 ]]]
INFO:root:Average accuracies [38.655 40.495 38.6   38.695 31.855 20.465]
INFO:root:f1 score [0.6986834  0.7986903  0.79705059 0.79910714 0.69886023 0.49910714]
