INFO:root:Created new directory ./experiments/mnist/dirichlet_mnist/PR/n_20_m_8_f_9_T_100_runs_5_alpha_3.0
INFO:root:Initial dataloading done
INFO:root:runtime [88.49818134307861, 88.12645769119263, 88.32125687599182, 88.33310008049011, 88.25293445587158]
INFO:root:results [[[26.7  61.1 ]
  [28.95 74.35]
  [36.55 73.05]
  [39.85 72.2 ]
  [42.9  74.6 ]
  [54.45 75.6 ]]

 [[38.9  47.85]
  [45.15 50.65]
  [53.6  53.55]
  [54.35 62.2 ]
  [51.5  55.3 ]
  [62.05 59.45]]

 [[26.1  54.05]
  [32.7  67.05]
  [35.4  68.2 ]
  [47.7  67.85]
  [44.9  67.  ]
  [55.65 73.15]]

 [[48.1  43.55]
  [52.1  61.75]
  [55.95 62.55]
  [59.85 69.  ]
  [60.45 66.  ]
  [55.8  74.75]]

 [[45.6  64.1 ]
  [51.6  74.9 ]
  [67.35 73.85]
  [66.55 78.35]
  [70.25 72.05]
  [52.9  62.6 ]]]
INFO:root:Average accuracies [45.605 53.92  58.005 61.79  60.495 62.64 ]
INFO:root:f1 score [0.69681683 0.98664963 0.99799609 0.99859251 0.99866305 0.99787633]
