INFO:root:Created new directory ./experiments/mnist/dirichlet_mnist/GR/n_20_m_8_f_3_T_100_runs_5_alpha_100.0
INFO:root:Initial dataloading done
INFO:root:runtime [112.25364899635315, 108.346994638443, 108.94005227088928, 108.77860379219055, 108.85539102554321]
INFO:root:results [[[25.15 37.2 ]
  [61.2  76.9 ]
  [72.55 80.  ]
  [75.7  79.9 ]
  [69.05 80.3 ]
  [66.35 80.1 ]]

 [[27.9  39.2 ]
  [59.1  77.  ]
  [73.15 79.35]
  [76.25 80.  ]
  [70.2  80.9 ]
  [70.4  79.7 ]]

 [[37.95 46.25]
  [62.7  75.35]
  [72.55 77.  ]
  [72.9  78.4 ]
  [72.25 77.55]
  [63.1  76.75]]

 [[38.   34.25]
  [67.1  75.15]
  [69.5  78.15]
  [74.85 79.25]
  [69.35 79.  ]
  [54.9  78.3 ]]

 [[29.35 50.65]
  [58.6  77.6 ]
  [71.3  80.75]
  [74.6  81.05]
  [74.85 82.05]
  [40.3  82.75]]]
INFO:root:Average accuracies [36.59  69.07  75.43  77.29  75.55  69.265]
INFO:root:f1 score [0.59891439 0.99976019 0.99952037 1.         1.         0.99952381]
