INFO:root:Created new directory ./experiments/mnist/dirichlet_mnist/GR/n_20_m_16_f_3_T_100_runs_5_alpha_3.0
INFO:root:Initial dataloading done
INFO:root:runtime [121.96231436729431, 121.38609910011292, 121.53336668014526, 122.13481092453003, 121.43947887420654]
INFO:root:results [[[55.15 67.95]
  [69.85 88.  ]
  [76.75 88.  ]
  [78.7  88.75]
  [72.55 89.8 ]
  [69.85 88.65]]

 [[54.2  62.25]
  [66.95 82.05]
  [73.95 85.45]
  [76.5  85.25]
  [70.7  77.9 ]
  [70.95 85.75]]

 [[48.65 69.9 ]
  [73.8  84.9 ]
  [78.05 86.45]
  [79.1  85.5 ]
  [72.9  85.5 ]
  [74.4  85.95]]

 [[57.6  72.65]
  [74.35 82.8 ]
  [79.3  84.8 ]
  [81.15 85.4 ]
  [74.15 86.1 ]
  [67.7  87.05]]

 [[45.   62.8 ]
  [70.85 84.8 ]
  [73.95 85.25]
  [74.05 84.8 ]
  [68.65 84.75]
  [69.55 78.4 ]]]
INFO:root:Average accuracies [59.615 77.835 81.195 81.92  78.3   77.825]
INFO:root:f1 score [0.79870129 0.9996337  0.99963899 0.99964912 0.99939337 0.99964664]
