INFO:root:Created new directory ./experiments/mnist/dirichlet_mnist/NS/n_20_m_8_f_9_T_100_runs_5_alpha_100.0
INFO:root:Initial dataloading done
INFO:root:runtime [88.68855834007263, 88.13402581214905, 88.21367192268372, 88.05696415901184, 88.06832504272461]
INFO:root:results [[[25.15 37.25]
  [27.9  44.55]
  [28.9  47.5 ]
  [29.95 57.1 ]
  [25.85 55.8 ]
  [17.9  52.65]]

 [[47.05 40.45]
  [48.9  44.7 ]
  [50.3  48.35]
  [50.95 48.7 ]
  [49.25 51.7 ]
  [19.55 49.5 ]]

 [[46.4  38.2 ]
  [48.15 51.25]
  [48.75 52.85]
  [48.5  54.45]
  [47.45 56.25]
  [24.5  55.2 ]]

 [[30.25 42.25]
  [31.5  45.85]
  [32.35 49.6 ]
  [33.6  52.65]
  [31.25 52.95]
  [23.8  40.45]]

 [[29.7  49.85]
  [32.6  55.3 ]
  [35.85 58.65]
  [35.85 61.4 ]
  [35.4  63.95]
  [15.9  45.85]]]
INFO:root:Average accuracies [38.655 43.07  45.31  47.315 46.985 34.53 ]
INFO:root:f1 score [0.6986834  0.7997416  0.8997416  0.99974554 0.79975309 0.6       ]
