INFO:root:Created new directory ./experiments/mnist/dirichlet_mnist/n_20_m_16_f_3_T_100_runs_5_alpha_3.0
INFO:root:Initial dataloading done
INFO:root:runtime [123.57165551185608, 122.20674252510071, 122.52274298667908, 122.20790982246399, 122.32618951797485]
INFO:root:results [[[55.15 67.95]
  [70.15 88.  ]
  [76.95 88.15]
  [78.5  88.6 ]
  [73.45 89.65]
  [70.95 89.4 ]]

 [[54.2  62.25]
  [67.15 82.  ]
  [73.85 85.1 ]
  [74.3  86.35]
  [70.2  83.65]
  [69.   86.55]]

 [[48.65 69.9 ]
  [73.85 84.9 ]
  [78.3  86.15]
  [79.3  85.45]
  [73.7  86.2 ]
  [52.75 85.65]]

 [[57.6  72.65]
  [74.5  83.6 ]
  [79.8  84.7 ]
  [78.6  85.15]
  [76.95 82.95]
  [61.25 88.2 ]]

 [[45.   62.8 ]
  [70.45 85.  ]
  [72.2  85.7 ]
  [73.95 85.1 ]
  [71.6  84.5 ]
  [59.3  85.6 ]]]
INFO:root:Average accuracies [59.615 77.96  81.09  81.53  79.285 74.865]
INFO:root:f1 score [0.79870129 0.9996337  0.99938582 0.99877402 0.99937211 0.99964664]
