INFO:root:Created new directory ./experiments/mnist/dirichlet_mnist/n_20_m_16_f_9_T_100_runs_5_alpha_3.0
INFO:root:Initial dataloading done
INFO:root:runtime [98.35122847557068, 96.56443357467651, 96.01447653770447, 96.11255669593811, 95.76321482658386]
INFO:root:results [[[55.2  67.75]
  [55.   74.15]
  [53.65 73.35]
  [52.55 73.25]
  [46.3  72.45]
  [ 8.1   1.35]]

 [[40.95 65.25]
  [50.35 68.25]
  [51.5  66.95]
  [51.65 64.6 ]
  [32.55 59.05]
  [10.05 25.9 ]]

 [[45.25 77.55]
  [46.3  78.75]
  [46.3  78.8 ]
  [46.35 78.4 ]
  [43.6  77.2 ]
  [ 8.2   3.95]]

 [[51.2  70.5 ]
  [54.45 73.6 ]
  [54.35 73.4 ]
  [53.1  72.6 ]
  [44.2  71.05]
  [18.45 44.7 ]]

 [[51.3  59.8 ]
  [50.95 66.4 ]
  [49.95 63.  ]
  [50.1  63.65]
  [24.55 61.7 ]
  [11.2  12.15]]]
INFO:root:Average accuracies [58.475 61.82  61.125 60.625 53.265 14.405]
INFO:root:f1 score [0.79838481 0.79830211 0.89896625 0.79929577 0.69879001 0.2       ]
