INFO:root:Created new directory ./experiments/mnist/dirichlet_mnist/NS/n_20_m_16_f_6_T_100_runs_5_alpha_1.0
INFO:root:Initial dataloading done
INFO:root:runtime [109.59825205802917, 109.18536829948425, 109.07107281684875, 109.02965140342712, 108.92275595664978]
INFO:root:results [[[62.   64.4 ]
  [71.1  75.75]
  [74.9  78.4 ]
  [74.05 80.1 ]
  [72.65 80.25]
  [57.45 75.2 ]]

 [[63.8  66.25]
  [71.75 75.55]
  [74.95 77.4 ]
  [71.7  77.9 ]
  [65.1  78.85]
  [62.15 78.35]]

 [[61.75 70.65]
  [69.   80.35]
  [72.25 82.6 ]
  [72.1  83.05]
  [73.5  83.7 ]
  [69.6  84.2 ]]

 [[61.1  66.75]
  [67.65 69.75]
  [70.85 74.7 ]
  [69.9  74.95]
  [71.9  77.8 ]
  [76.05 82.1 ]]

 [[51.95 74.05]
  [63.65 82.35]
  [69.25 82.7 ]
  [71.45 82.45]
  [72.   81.85]
  [45.4  83.4 ]]]
INFO:root:Average accuracies [64.27  72.69  75.8   75.765 75.76  71.39 ]
INFO:root:f1 score [0.99894994 0.99885658 1.         1.         0.99979123 1.        ]
