INFO:root:Created new directory ./experiments/mnist/dirichlet_mnist/n_20_m_16_f_3_T_100_runs_5_alpha_1.0
INFO:root:Initial dataloading done
INFO:root:runtime [124.63803625106812, 123.37998676300049, 124.63425517082214, 124.02860808372498, 122.0668478012085]
INFO:root:results [[[62.3  63.9 ]
  [73.   77.6 ]
  [76.3  80.65]
  [74.5  81.9 ]
  [72.65 82.1 ]
  [67.7  80.25]]

 [[58.5  51.65]
  [66.95 71.6 ]
  [73.4  79.6 ]
  [66.7  82.  ]
  [75.1  82.6 ]
  [74.7  83.2 ]]

 [[58.55 69.7 ]
  [73.7  86.05]
  [80.2  86.9 ]
  [83.   86.65]
  [81.5  87.25]
  [79.25 86.45]]

 [[47.05 68.05]
  [56.6  79.85]
  [64.9  83.  ]
  [69.45 84.45]
  [71.3  84.2 ]
  [55.2  84.05]]

 [[52.85 61.15]
  [67.95 80.65]
  [71.1  82.8 ]
  [72.1  84.15]
  [61.9  85.  ]
  [71.65 84.4 ]]]
INFO:root:Average accuracies [59.37  73.395 77.885 78.49  78.36  76.685]
INFO:root:f1 score [0.89945828 0.99949979 0.99940943 0.99903851 0.99927007 1.        ]
