INFO:root:Created new directory ./experiments/mnist/dirichlet_mnist/NS/n_20_m_8_f_6_T_100_runs_5_alpha_3.0
INFO:root:Initial dataloading done
INFO:root:runtime [100.094309091568, 99.79140114784241, 99.64547419548035, 99.6238157749176, 99.70003867149353]
INFO:root:results [[[26.7  61.15]
  [53.15 77.15]
  [61.8  79.1 ]
  [65.7  79.15]
  [64.85 79.2 ]
  [65.95 74.25]]

 [[35.4  41.15]
  [57.6  74.6 ]
  [65.95 76.45]
  [69.55 75.85]
  [69.5  74.65]
  [69.45 61.4 ]]

 [[21.75 64.95]
  [50.65 79.75]
  [65.75 79.  ]
  [62.5  77.55]
  [63.5  79.9 ]
  [66.4  75.2 ]]

 [[39.95 42.55]
  [62.45 76.9 ]
  [68.6  79.25]
  [71.45 79.65]
  [71.35 80.35]
  [64.9  78.4 ]]

 [[44.3  51.95]
  [51.9  71.5 ]
  [57.4  75.45]
  [65.75 75.25]
  [59.2  77.4 ]
  [69.75 77.1 ]]]
INFO:root:Average accuracies [42.985 65.565 70.875 72.24  71.99  70.28 ]
INFO:root:f1 score [0.59816946 0.99837137 0.9980476  0.99860246 0.99865382 0.99910395]
