INFO:root:Created new directory ./experiments/mnist/dirichlet_mnist/NS/n_20_m_16_f_3_T_100_runs_5_alpha_3.0
INFO:root:Initial dataloading done
INFO:root:runtime [122.40745830535889, 122.082599401474, 122.03522849082947, 121.97010970115662, 121.78024244308472]
INFO:root:results [[[55.15 67.95]
  [70.55 88.5 ]
  [77.9  88.25]
  [79.7  88.7 ]
  [78.45 89.85]
  [74.35 89.9 ]]

 [[54.2  62.25]
  [68.25 82.1 ]
  [71.9  84.5 ]
  [78.5  86.2 ]
  [75.65 88.35]
  [75.25 86.25]]

 [[48.65 69.9 ]
  [74.15 85.1 ]
  [78.35 85.35]
  [78.25 87.15]
  [77.75 86.8 ]
  [75.55 86.15]]

 [[57.6  72.65]
  [75.4  83.2 ]
  [79.35 86.  ]
  [79.5  86.55]
  [80.8  87.9 ]
  [81.   88.2 ]]

 [[45.   62.8 ]
  [71.35 85.2 ]
  [74.65 85.5 ]
  [75.3  85.7 ]
  [72.35 85.6 ]
  [74.   85.9 ]]]
INFO:root:Average accuracies [59.615 78.38  81.175 82.555 82.35  81.655]
INFO:root:f1 score [0.79870129 0.99963636 0.99938969 0.99964158 0.99964664 0.99911588]
