INFO:root:Created new directory ./experiments/mnist/dirichlet_mnist/PR/n_20_m_8_f_9_T_100_runs_5_alpha_1.0
INFO:root:Initial dataloading done
INFO:root:runtime [88.72357511520386, 88.39727139472961, 88.35762214660645, 88.39871501922607, 88.37698769569397]
INFO:root:results [[[44.15 42.4 ]
  [45.4  49.95]
  [54.6  68.15]
  [60.3  70.35]
  [52.6  58.15]
  [69.65 73.1 ]]

 [[38.6  44.15]
  [45.75 57.3 ]
  [53.65 74.4 ]
  [57.45 73.8 ]
  [55.65 77.05]
  [47.35 72.35]]

 [[37.7  54.15]
  [36.9  60.75]
  [46.1  69.7 ]
  [47.4  71.4 ]
  [53.05 74.7 ]
  [38.4  76.45]]

 [[53.15 51.4 ]
  [55.2  65.05]
  [62.   70.6 ]
  [58.95 71.65]
  [60.65 73.8 ]
  [65.85 68.15]]

 [[21.95 34.2 ]
  [35.45 50.75]
  [46.25 52.95]
  [45.75 49.  ]
  [45.1  67.  ]
  [53.3  50.05]]]
INFO:root:Average accuracies [42.185 50.25  59.84  60.605 61.775 61.465]
INFO:root:f1 score [0.48594166 0.59357321 0.89589524 0.89583704 0.89913328 0.89964912]
