INFO:root:Created new directory ./experiments/mnist/dirichlet_mnist/GR/n_20_m_16_f_9_T_100_runs_5_alpha_1.0
INFO:root:Initial dataloading done
INFO:root:runtime [96.08802819252014, 95.84419465065002, 95.9514377117157, 95.89872813224792, 96.0719256401062]
INFO:root:results [[[62.3  64.05]
  [59.95 60.35]
  [60.9  61.55]
  [35.75 58.45]
  [33.2  54.2 ]
  [25.05 14.  ]]

 [[52.05 60.3 ]
  [54.3  62.35]
  [54.6  63.9 ]
  [44.25 62.9 ]
  [46.2  61.3 ]
  [16.15  7.1 ]]

 [[59.5  65.4 ]
  [62.6  66.55]
  [62.05 67.25]
  [61.35 41.45]
  [37.15 65.15]
  [15.85 25.95]]

 [[48.55 56.95]
  [46.25 62.8 ]
  [45.15 61.8 ]
  [46.45 52.85]
  [36.8  65.8 ]
  [ 3.9   8.  ]]

 [[44.   61.  ]
  [42.1  67.45]
  [41.8  66.8 ]
  [41.45 66.75]
  [17.75 61.8 ]
  [28.15 41.15]]]
INFO:root:Average accuracies [57.41  58.47  58.58  51.165 47.935 18.53 ]
INFO:root:f1 score [0.79900523 0.899631   0.899631   0.89964413 0.79923442 0.27926801]
