INFO:root:Created new directory ./experiments/mnist/dirichlet_mnist/PR/n_20_m_16_f_6_T_100_runs_5_alpha_3.0
INFO:root:Initial dataloading done
INFO:root:runtime [108.85595440864563, 108.40193963050842, 108.168203830719, 108.0175256729126, 107.82722020149231]
INFO:root:results [[[55.25 67.8 ]
  [64.2  86.35]
  [72.05 88.4 ]
  [75.5  87.95]
  [76.95 88.05]
  [70.75 90.5 ]]

 [[43.15 62.  ]
  [56.6  81.65]
  [68.3  83.85]
  [76.35 87.25]
  [75.1  87.55]
  [70.2  87.5 ]]

 [[54.4  71.45]
  [71.35 76.55]
  [76.1  82.1 ]
  [78.85 84.3 ]
  [75.95 84.35]
  [76.55 88.35]]

 [[53.4  69.8 ]
  [69.3  78.25]
  [76.55 80.  ]
  [78.8  80.95]
  [73.6  79.45]
  [71.3  76.25]]

 [[54.3  58.25]
  [69.3  83.9 ]
  [76.1  84.8 ]
  [78.35 85.1 ]
  [74.35 85.55]
  [72.85 85.1 ]]]
INFO:root:Average accuracies [58.98  73.745 78.825 81.34  80.09  78.935]
INFO:root:f1 score [0.9 1.  1.  1.  1.  1. ]
