INFO:root:Created new directory ./experiments/mnist/dirichlet_mnist/GR/n_20_m_16_f_9_T_100_runs_5_alpha_3.0
INFO:root:Initial dataloading done
INFO:root:runtime [100.70149946212769, 96.05395221710205, 95.86347723007202, 95.75355744361877, 96.01768517494202]
INFO:root:results [[[55.2  67.75]
  [55.1  73.9 ]
  [53.6  73.2 ]
  [52.8  73.05]
  [49.65 73.2 ]
  [ 8.1  11.3 ]]

 [[40.95 65.25]
  [50.5  68.25]
  [51.35 67.1 ]
  [51.45 64.3 ]
  [32.5  58.  ]
  [11.35 27.8 ]]

 [[45.25 77.55]
  [46.35 78.75]
  [46.5  79.05]
  [46.35 78.5 ]
  [43.7  62.2 ]
  [ 8.2   3.65]]

 [[51.2  70.5 ]
  [54.2  72.65]
  [54.35 72.8 ]
  [53.05 72.25]
  [51.   70.65]
  [ 7.95 18.4 ]]

 [[51.3  59.8 ]
  [50.85 66.5 ]
  [50.1  63.  ]
  [37.05 63.55]
  [22.55 62.05]
  [12.15 16.85]]]
INFO:root:Average accuracies [58.475 61.705 61.105 59.235 52.55  12.575]
INFO:root:f1 score [0.79838481 0.89862268 0.89895706 0.79932886 0.69870219 0.28932039]
