INFO:root:Created new directory ./experiments/mnist/dirichlet_mnist/PR/n_20_m_8_f_6_T_100_runs_5_alpha_1.0
INFO:root:Initial dataloading done
INFO:root:runtime [100.0190052986145, 99.77135801315308, 99.469735622406, 99.67669534683228, 99.42697858810425]
INFO:root:results [[[44.35 42.5 ]
  [54.6  73.3 ]
  [66.65 78.  ]
  [72.25 80.55]
  [64.05 81.1 ]
  [63.5  76.  ]]

 [[58.4  40.05]
  [65.7  69.3 ]
  [72.2  73.4 ]
  [74.   74.9 ]
  [61.85 77.35]
  [73.85 76.75]]

 [[52.85 55.85]
  [67.4  71.7 ]
  [72.75 77.9 ]
  [74.1  78.65]
  [77.   75.85]
  [68.75 75.25]]

 [[56.4  55.15]
  [65.95 77.9 ]
  [68.55 79.25]
  [72.45 78.65]
  [72.7  79.4 ]
  [68.75 79.7 ]]

 [[42.   49.7 ]
  [59.2  73.25]
  [73.15 79.5 ]
  [61.05 80.  ]
  [76.45 79.7 ]
  [55.05 73.25]]]
INFO:root:Average accuracies [49.725 67.83  74.135 74.66  74.545 71.085]
INFO:root:f1 score [0.49893617 0.8987875  0.99943997 0.99936745 1.         0.99977728]
