INFO:root:Created new directory ./experiments/mnist/dirichlet_mnist/GR/n_20_m_8_f_6_T_100_runs_5_alpha_3.0
INFO:root:Initial dataloading done
INFO:root:runtime [99.87414336204529, 99.03420662879944, 98.95057535171509, 99.0816810131073, 98.75777697563171]
INFO:root:results [[[26.7  61.15]
  [50.7  77.05]
  [59.05 78.85]
  [61.6  79.4 ]
  [56.6  80.2 ]
  [19.9  72.1 ]]

 [[35.4  41.15]
  [52.2  75.25]
  [64.3  76.35]
  [67.6  77.4 ]
  [63.   77.  ]
  [30.95 54.7 ]]

 [[21.75 64.95]
  [45.5  79.6 ]
  [54.95 80.5 ]
  [56.05 79.6 ]
  [34.1  77.2 ]
  [10.7   9.35]]

 [[39.95 42.55]
  [58.2  74.4 ]
  [64.75 76.85]
  [64.65 79.9 ]
  [60.35 79.2 ]
  [ 7.55 53.6 ]]

 [[44.3  51.95]
  [50.25 70.95]
  [54.25 73.2 ]
  [55.65 68.3 ]
  [50.05 66.35]
  [22.35 55.6 ]]]
INFO:root:Average accuracies [42.985 63.41  68.305 69.015 64.405 33.68 ]
INFO:root:f1 score [0.59816946 0.99810385 0.9980443  0.9983745  0.99782821 0.65267333]
