INFO:root:Created new directory ./experiments/mnist/dirichlet_mnist/n_20_m_16_f_6_T_100_runs_5_alpha_1.0
INFO:root:Initial dataloading done
INFO:root:runtime [111.36323285102844, 111.76381611824036, 112.59395861625671, 109.61181783676147, 108.29897475242615]
INFO:root:results [[[62.   64.4 ]
  [68.7  72.6 ]
  [72.   73.6 ]
  [65.3  74.45]
  [64.55 75.4 ]
  [44.95 78.3 ]]

 [[63.8  66.25]
  [70.4  74.05]
  [73.2  74.05]
  [72.   74.05]
  [63.85 74.4 ]
  [41.35 67.85]]

 [[61.75 70.65]
  [66.7  79.45]
  [69.45 80.1 ]
  [68.9  80.35]
  [56.3  80.65]
  [31.6  77.2 ]]

 [[61.1  66.75]
  [67.4  69.5 ]
  [69.15 72.5 ]
  [70.25 73.6 ]
  [56.15 77.7 ]
  [35.4  59.65]]

 [[51.95 74.05]
  [62.65 82.55]
  [65.65 84.05]
  [65.7  84.35]
  [59.7  83.8 ]
  [28.55 48.55]]]
INFO:root:Average accuracies [64.27  71.4   73.375 72.895 69.25  51.34 ]
INFO:root:f1 score [0.99894994 0.99887962 0.9995671  0.9995671  1.         0.9       ]
