INFO:root:Created new directory ./experiments/mnist/dirichlet_mnist/PR/n_20_m_8_f_3_T_100_runs_5_alpha_3.0
INFO:root:Initial dataloading done
INFO:root:runtime [108.2039201259613, 107.70926356315613, 107.91012454032898, 107.77596068382263, 107.80968379974365]
INFO:root:results [[[26.7  61.2 ]
  [58.05 78.9 ]
  [68.75 79.75]
  [75.05 81.15]
  [71.8  81.35]
  [75.55 81.2 ]]

 [[45.65 54.2 ]
  [70.9  81.75]
  [76.4  84.55]
  [77.65 85.65]
  [76.85 85.4 ]
  [68.25 85.1 ]]

 [[32.65 50.65]
  [63.05 79.35]
  [72.85 80.5 ]
  [73.7  80.  ]
  [73.8  80.05]
  [65.1  76.45]]

 [[35.1  43.35]
  [60.05 83.55]
  [73.2  86.9 ]
  [76.15 87.1 ]
  [77.9  86.7 ]
  [77.55 86.8 ]]

 [[38.55 36.45]
  [57.1  75.45]
  [58.9  78.5 ]
  [72.2  79.25]
  [71.05 80.  ]
  [71.3  81.4 ]]]
INFO:root:Average accuracies [42.45  70.815 76.03  78.79  78.49  76.87 ]
INFO:root:f1 score [0.69922078 0.9992126  0.99923475 0.99973475 0.99973475 0.999729  ]
