INFO:root:Created new directory ./experiments/mnist/dirichlet_mnist/PR/n_20_m_16_f_6_T_100_runs_5_alpha_1.0
INFO:root:Initial dataloading done
INFO:root:runtime [108.01211595535278, 107.58393406867981, 107.61603283882141, 107.69298243522644, 107.5102367401123]
INFO:root:results [[[62.   64.4 ]
  [72.7  77.1 ]
  [75.6  79.95]
  [77.9  81.85]
  [73.   82.25]
  [73.95 81.6 ]]

 [[63.8  66.25]
  [72.75 77.1 ]
  [76.45 81.8 ]
  [74.5  81.45]
  [71.9  79.4 ]
  [68.5  81.65]]

 [[61.75 70.65]
  [69.95 80.9 ]
  [72.1  82.95]
  [74.8  84.25]
  [65.95 85.15]
  [71.3  80.55]]

 [[61.1  66.75]
  [67.5  72.55]
  [69.8  76.1 ]
  [78.15 80.15]
  [71.7  76.25]
  [78.95 83.2 ]]

 [[51.95 74.05]
  [64.6  82.1 ]
  [71.15 83.05]
  [72.3  83.55]
  [66.45 82.  ]
  [62.65 86.25]]]
INFO:root:Average accuracies [64.27  73.725 76.895 78.89  75.405 76.86 ]
INFO:root:f1 score [0.99894994 0.99886616 1.         1.         1.         0.99978022]
