INFO:root:Created new directory ./experiments/mnist/dirichlet_mnist/GR/n_20_m_16_f_3_T_100_runs_5_alpha_1.0
INFO:root:Initial dataloading done
INFO:root:runtime [120.86658120155334, 119.91562509536743, 120.66843891143799, 119.98789501190186, 119.78869223594666]
INFO:root:results [[[62.3  63.9 ]
  [72.75 78.35]
  [75.85 80.55]
  [76.45 81.7 ]
  [54.05 82.35]
  [69.75 81.  ]]

 [[58.5  51.65]
  [66.15 69.75]
  [73.55 79.95]
  [72.8  81.7 ]
  [73.05 82.85]
  [69.4  77.95]]

 [[58.55 69.7 ]
  [73.65 86.1 ]
  [80.45 87.05]
  [82.65 86.75]
  [73.1  86.9 ]
  [65.1  86.4 ]]

 [[47.05 68.05]
  [56.75 79.6 ]
  [64.45 83.15]
  [68.85 84.55]
  [60.35 84.45]
  [59.4  83.35]]

 [[52.85 61.15]
  [67.45 80.75]
  [68.75 82.75]
  [70.85 83.6 ]
  [57.7  84.05]
  [69.05 84.85]]]
INFO:root:Average accuracies [59.37  73.13  77.65  78.99  73.885 74.625]
INFO:root:f1 score [0.89945828 0.99949748 0.99978213 0.99903851 0.99940927 0.99977629]
