INFO:root:Created new directory ./experiments/mnist/dirichlet_mnist/PR/n_20_m_16_f_9_T_100_runs_5_alpha_100.0
INFO:root:Initial dataloading done
INFO:root:runtime [97.87714338302612, 97.62713813781738, 97.50757217407227, 97.45455193519592, 97.43196558952332]
INFO:root:results [[[38.   35.7 ]
  [47.2  60.85]
  [58.6  71.6 ]
  [56.6  76.75]
  [47.5  72.9 ]
  [45.05 73.85]]

 [[47.55 59.4 ]
  [54.95 72.6 ]
  [62.65 77.55]
  [61.05 79.5 ]
  [56.3  78.75]
  [49.25 77.65]]

 [[43.5  46.1 ]
  [48.9  59.9 ]
  [55.7  71.75]
  [64.2  79.8 ]
  [64.3  77.95]
  [42.9  77.9 ]]

 [[48.6  59.3 ]
  [53.85 70.8 ]
  [62.25 76.15]
  [63.35 76.2 ]
  [59.65 78.  ]
  [75.2  80.9 ]]

 [[42.15 63.85]
  [48.3  78.15]
  [56.75 82.15]
  [62.7  82.9 ]
  [61.95 83.5 ]
  [77.9  80.75]]]
INFO:root:Average accuracies [48.415 59.55  67.515 70.305 68.08  68.135]
INFO:root:f1 score [0.9 1.  1.  1.  1.  1. ]
