INFO:root:Created new directory ./experiments/mnist/dirichlet_mnist/GR/n_20_m_8_f_0_T_100_runs_5_alpha_3.0
INFO:root:Initial dataloading done
INFO:root:runtime [116.75770020484924, 114.71372056007385, 114.82714462280273, 115.77490401268005, 114.63924765586853]
INFO:root:results [[[26.7  61.15]
  [65.4  79.05]
  [79.1  81.95]
  [77.9  82.9 ]
  [79.85 83.1 ]
  [83.4  82.7 ]]

 [[36.1  50.7 ]
  [56.6  79.85]
  [65.55 84.85]
  [71.6  84.9 ]
  [71.8  85.6 ]
  [76.65 86.3 ]]

 [[48.8  49.  ]
  [69.3  82.5 ]
  [76.15 84.55]
  [77.95 85.  ]
  [79.2  84.85]
  [78.25 85.3 ]]

 [[52.3  48.55]
  [73.95 79.8 ]
  [76.4  69.75]
  [80.2  83.  ]
  [79.05 84.4 ]
  [82.2  84.85]]

 [[34.25 47.35]
  [73.1  78.7 ]
  [68.5  82.95]
  [82.45 83.5 ]
  [82.75 83.65]
  [79.75 83.75]]]
INFO:root:Average accuracies [45.49  73.825 76.975 80.94  81.425 82.315]
INFO:root:f1 score [0.69881262 0.99946524 0.99973333 0.99923929 0.99948499 0.999729  ]
