INFO:root:Created new directory ./experiments/mnist/dirichlet_mnist/NS/n_20_m_16_f_9_T_100_runs_5_alpha_100.0
INFO:root:Initial dataloading done
INFO:root:runtime [97.03946352005005, 96.78633332252502, 96.61581945419312, 96.5652334690094, 96.37796545028687]
INFO:root:results [[[38.   35.7 ]
  [43.85 57.4 ]
  [46.   63.9 ]
  [45.55 67.35]
  [30.5  64.05]
  [15.1  56.25]]

 [[47.55 59.4 ]
  [51.8  64.05]
  [53.8  66.05]
  [53.6  68.35]
  [50.8  68.95]
  [43.55 63.5 ]]

 [[43.5  46.1 ]
  [48.05 58.95]
  [50.4  65.2 ]
  [49.15 68.75]
  [41.15 67.95]
  [41.85 69.95]]

 [[48.6  59.3 ]
  [50.55 63.7 ]
  [51.35 66.6 ]
  [51.2  67.95]
  [48.8  70.5 ]
  [37.25 68.55]]

 [[42.15 63.85]
  [47.25 72.05]
  [53.75 77.15]
  [52.1  76.7 ]
  [45.45 77.  ]
  [36.05 66.8 ]]]
INFO:root:Average accuracies [48.415 55.765 59.42  60.07  56.515 49.885]
INFO:root:f1 score [0.9        0.99976247 1.         1.         0.99974425 0.89976581]
