INFO:root:Created new directory ./experiments/mnist/dirichlet_mnist/n_20_m_16_f_9_T_100_runs_5_alpha_100.0
INFO:root:Initial dataloading done
INFO:root:runtime [101.176278591156, 98.1267831325531, 97.96551275253296, 98.39223432540894, 97.88057279586792]
INFO:root:results [[[38.   35.7 ]
  [37.4  40.3 ]
  [37.2  39.25]
  [37.1  41.25]
  [23.55 36.9 ]
  [ 5.45  8.2 ]]

 [[47.55 59.4 ]
  [48.8  57.6 ]
  [48.45 57.85]
  [42.   58.65]
  [29.95 52.9 ]
  [ 9.05  8.65]]

 [[43.5  46.1 ]
  [46.3  48.7 ]
  [45.45 44.6 ]
  [45.15 48.85]
  [32.35 41.55]
  [11.45 24.55]]

 [[48.6  59.3 ]
  [48.7  60.45]
  [48.   61.15]
  [48.1  62.65]
  [31.25 58.75]
  [14.8  19.05]]

 [[42.15 63.85]
  [47.65 65.4 ]
  [48.3  63.55]
  [43.9  48.9 ]
  [34.3  52.25]
  [11.75 21.65]]]
INFO:root:Average accuracies [48.415 50.13  49.38  47.655 39.375 13.46 ]
INFO:root:f1 score [0.9        0.9        1.         0.99930716 0.69795971 0.36488889]
