INFO:root:Created new directory ./experiments/mnist/dirichlet_mnist/PR/n_20_m_16_f_9_T_100_runs_5_alpha_3.0
INFO:root:Initial dataloading done
INFO:root:runtime [98.35718703269958, 98.01662921905518, 97.75941610336304, 97.8655755519867, 97.95920729637146]
INFO:root:results [[[55.2  67.75]
  [57.45 83.7 ]
  [64.5  85.25]
  [67.25 85.45]
  [68.35 86.6 ]
  [58.25 83.5 ]]

 [[40.95 65.25]
  [50.4  77.4 ]
  [61.2  79.8 ]
  [67.7  78.85]
  [68.7  79.8 ]
  [66.05 68.5 ]]

 [[45.25 77.55]
  [48.05 79.45]
  [60.1  81.75]
  [70.35 81.3 ]
  [72.1  79.3 ]
  [54.7  82.65]]

 [[51.2  70.5 ]
  [55.15 73.95]
  [59.15 74.  ]
  [69.85 82.6 ]
  [72.65 83.75]
  [43.55 78.2 ]]

 [[51.3  59.8 ]
  [56.5  76.45]
  [60.5  78.25]
  [62.8  80.  ]
  [56.05 83.15]
  [63.15 78.05]]]
INFO:root:Average accuracies [58.475 65.85  70.45  74.615 75.045 67.66 ]
INFO:root:f1 score [0.79838481 0.99709717 0.99869816 0.99939759 0.99948454 0.99871433]
