INFO:root:Created new directory ./experiments/mnist/dirichlet_mnist/GR/n_20_m_8_f_6_T_100_runs_5_alpha_100.0
INFO:root:Initial dataloading done
INFO:root:runtime [100.99929451942444, 99.86509394645691, 99.72055983543396, 99.77913451194763, 99.46305990219116]
INFO:root:results [[[25.15 37.3 ]
  [41.05 70.25]
  [56.1  72.2 ]
  [60.05 71.45]
  [49.15 72.1 ]
  [11.6  52.1 ]]

 [[38.65 34.05]
  [53.6  54.65]
  [58.35 59.15]
  [59.3  62.05]
  [56.5  64.2 ]
  [18.7  54.9 ]]

 [[39.95 40.1 ]
  [48.95 69.7 ]
  [54.   72.95]
  [56.15 75.6 ]
  [51.65 70.3 ]
  [20.55 52.25]]

 [[32.9  33.75]
  [44.75 62.6 ]
  [54.05 68.3 ]
  [58.05 68.3 ]
  [52.9  71.35]
  [16.9  58.9 ]]

 [[35.4  43.2 ]
  [47.65 60.55]
  [61.55 68.45]
  [63.15 70.55]
  [44.35 67.6 ]
  [32.25 67.35]]]
INFO:root:Average accuracies [36.045 55.375 62.51  64.465 60.01  38.55 ]
INFO:root:f1 score [0.39011333 0.793723   0.89721519 0.99845361 0.79704182 0.69782082]
