INFO:root:Created new directory ./experiments/mnist/dirichlet_mnist/NS/n_20_m_16_f_9_T_100_runs_5_alpha_3.0
INFO:root:Initial dataloading done
INFO:root:runtime [96.0454683303833, 95.78415179252625, 95.57817220687866, 95.71904110908508, 95.52912330627441]
INFO:root:results [[[55.2  67.75]
  [56.15 81.9 ]
  [57.   83.25]
  [56.65 83.25]
  [54.9  83.5 ]
  [31.5  75.25]]

 [[40.95 65.25]
  [50.45 71.35]
  [51.9  75.05]
  [53.6  76.8 ]
  [40.7  74.35]
  [15.   47.85]]

 [[45.25 77.55]
  [46.1  78.15]
  [48.4  78.95]
  [48.3  78.95]
  [45.2  79.1 ]
  [26.45 46.75]]

 [[51.2  70.5 ]
  [54.4  73.  ]
  [55.65 73.7 ]
  [55.9  75.95]
  [54.1  79.  ]
  [31.85 55.55]]

 [[51.3  59.8 ]
  [55.4  75.2 ]
  [57.05 76.7 ]
  [58.95 76.5 ]
  [32.6  76.1 ]
  [ 8.15 31.45]]]
INFO:root:Average accuracies [58.475 64.21  65.765 66.485 61.955 36.98 ]
INFO:root:f1 score [0.79838481 0.89744124 0.99817619 0.99861377 0.89972145 0.794048  ]
