INFO:root:Created new directory ./experiments/mnist/dirichlet_mnist/PR/n_20_m_8_f_9_T_100_runs_5_alpha_100.0
INFO:root:Initial dataloading done
INFO:root:runtime [88.74825930595398, 88.26347780227661, 88.25490117073059, 88.14450573921204, 88.32847666740417]
INFO:root:results [[[25.15 37.25]
  [27.85 44.95]
  [32.05 50.65]
  [63.15 78.35]
  [61.5  78.9 ]
  [62.8  76.  ]]

 [[47.05 40.45]
  [49.4  43.75]
  [51.7  50.15]
  [53.9  53.4 ]
  [68.45 65.45]
  [62.75 70.45]]

 [[46.4  38.2 ]
  [51.3  59.25]
  [67.55 72.45]
  [64.3  76.75]
  [64.35 77.45]
  [41.3  75.5 ]]

 [[30.25 42.25]
  [32.15 44.75]
  [35.15 50.75]
  [45.1  61.65]
  [46.8  74.85]
  [33.85 59.75]]

 [[29.7  49.85]
  [34.65 57.15]
  [46.35 65.65]
  [52.5  74.4 ]
  [55.   74.75]
  [43.95 73.8 ]]]
INFO:root:Average accuracies [38.655 44.52  52.245 62.35  66.75  60.015]
INFO:root:f1 score [0.6986834  0.8997416  0.99934944 0.99942678 0.99889468 0.99949661]
