INFO:root:Created new directory ./experiments/mnist/dirichlet_mnist/PR/n_20_m_8_f_3_T_100_runs_5_alpha_100.0
INFO:root:Initial dataloading done
INFO:root:runtime [107.59882235527039, 107.10131859779358, 107.53603005409241, 107.15221858024597, 107.19959044456482]
INFO:root:results [[[25.15 37.2 ]
  [63.55 78.2 ]
  [74.55 80.05]
  [76.8  80.85]
  [76.7  81.65]
  [73.2  81.35]]

 [[27.9  39.2 ]
  [61.9  78.4 ]
  [74.25 81.5 ]
  [77.75 81.85]
  [74.25 82.15]
  [76.45 82.1 ]]

 [[37.95 46.25]
  [65.3  76.2 ]
  [74.45 78.8 ]
  [74.85 78.3 ]
  [76.85 78.35]
  [74.4  78.6 ]]

 [[38.   34.25]
  [68.95 76.3 ]
  [74.1  78.4 ]
  [78.1  79.9 ]
  [76.15 80.6 ]
  [73.2  80.25]]

 [[29.35 50.65]
  [61.65 78.65]
  [48.   81.2 ]
  [75.35 82.85]
  [75.55 83.55]
  [77.05 83.75]]]
INFO:root:Average accuracies [36.59  70.91  74.53  78.66  78.58  78.035]
INFO:root:f1 score [0.59891439 0.99976134 0.99975787 1.         1.         1.        ]
