INFO:root:Created new directory ./experiments/mnist/dirichlet_mnist/GR/n_20_m_8_f_9_T_100_runs_5_alpha_1.0
INFO:root:Initial dataloading done
INFO:root:runtime [89.70800685882568, 89.04448103904724, 88.7642822265625, 88.7939829826355, 88.72909283638]
INFO:root:results [[[44.15 42.4 ]
  [42.4  44.3 ]
  [40.1  44.5 ]
  [41.45 43.9 ]
  [44.9  40.7 ]
  [25.8  36.1 ]]

 [[38.6  44.15]
  [43.6  51.  ]
  [33.05 49.1 ]
  [31.7  49.6 ]
  [30.25 50.6 ]
  [27.8  16.65]]

 [[37.7  54.15]
  [37.4  55.15]
  [37.85 55.1 ]
  [36.6  54.65]
  [30.1  53.1 ]
  [29.5  39.05]]

 [[53.15 51.4 ]
  [50.5  52.35]
  [49.   61.6 ]
  [46.85 59.3 ]
  [ 7.75 58.3 ]
  [ 3.9   7.05]]

 [[21.95 34.2 ]
  [23.25 40.75]
  [23.05 40.2 ]
  [22.55 37.7 ]
  [20.8  36.05]
  [11.05 26.1 ]]]
INFO:root:Average accuracies [42.185 44.07  43.355 42.43  37.255 22.3  ]
INFO:root:f1 score [0.48594166 0.58436449 0.68722099 0.68464164 0.5777612  0.49829321]
