INFO:root:Created new directory ./experiments/mnist/dirichlet_mnist/PR/n_20_m_8_f_3_T_100_runs_5_alpha_1.0
INFO:root:Initial dataloading done
INFO:root:runtime [109.51298213005066, 108.93943619728088, 109.2303078174591, 109.02425527572632, 108.92068290710449]
INFO:root:results [[[44.15 42.6 ]
  [65.9  80.6 ]
  [74.35 83.25]
  [78.35 83.75]
  [74.9  83.85]
  [68.55 82.2 ]]

 [[52.9  46.85]
  [67.45 76.95]
  [73.45 79.8 ]
  [79.35 80.05]
  [71.55 80.2 ]
  [68.   79.8 ]]

 [[41.05 45.85]
  [72.1  75.05]
  [76.85 80.05]
  [77.7  80.75]
  [80.45 81.35]
  [78.45 82.15]]

 [[44.   60.5 ]
  [63.25 82.9 ]
  [61.2  82.55]
  [73.7  83.85]
  [66.15 83.95]
  [75.8  80.8 ]]

 [[38.85 52.8 ]
  [68.85 75.85]
  [75.7  81.75]
  [76.7  82.7 ]
  [71.95 81.7 ]
  [72.4  82.5 ]]]
INFO:root:Average accuracies [46.955 72.89  76.895 79.69  77.605 77.065]
INFO:root:f1 score [0.89522277 0.99906248 0.99908335 0.99938998 0.99978308 0.99978213]
