INFO:root:Created new directory ./experiments/mnist/dirichlet_mnist/GR/n_20_m_8_f_3_T_100_runs_5_alpha_1.0
INFO:root:Initial dataloading done
INFO:root:runtime [108.45903372764587, 108.34180569648743, 107.89416003227234, 107.86281609535217, 109.19946217536926]
INFO:root:results [[[44.15 42.6 ]
  [62.1  80.25]
  [73.1  82.45]
  [76.2  82.95]
  [59.85 83.25]
  [70.55 77.9 ]]

 [[52.9  46.85]
  [66.25 76.2 ]
  [71.6  79.15]
  [74.3  78.95]
  [71.7  79.75]
  [71.65 76.5 ]]

 [[41.05 45.85]
  [70.75 72.85]
  [75.15 74.35]
  [76.95 78.  ]
  [77.2  80.75]
  [68.9  77.9 ]]

 [[44.   60.5 ]
  [61.6  82.2 ]
  [58.7  81.85]
  [72.25 78.95]
  [72.65 77.45]
  [71.   75.35]]

 [[38.85 52.8 ]
  [67.55 74.8 ]
  [72.1  80.5 ]
  [75.15 81.  ]
  [76.3  79.95]
  [65.6  79.3 ]]]
INFO:root:Average accuracies [46.955 71.455 74.895 77.47  75.885 73.465]
INFO:root:f1 score [0.89522277 0.99905421 0.99906872 0.99908055 0.99939014 0.99937764]
