INFO:root:Created new directory ./experiments/mnist/dirichlet_mnist/NS/n_20_m_16_f_6_T_100_runs_5_alpha_3.0
INFO:root:Initial dataloading done
INFO:root:runtime [109.43387842178345, 109.07664275169373, 108.77126789093018, 108.85137557983398, 108.7137541770935]
INFO:root:results [[[55.25 67.8 ]
  [62.95 84.9 ]
  [69.55 86.8 ]
  [72.4  86.7 ]
  [66.65 87.4 ]
  [71.15 87.55]]

 [[43.15 62.  ]
  [56.15 81.55]
  [65.05 84.25]
  [70.9  84.65]
  [70.55 86.1 ]
  [61.8  85.15]]

 [[54.4  71.45]
  [71.2  76.1 ]
  [74.75 80.25]
  [76.8  83.9 ]
  [71.15 87.15]
  [71.3  81.5 ]]

 [[53.4  69.8 ]
  [66.95 77.9 ]
  [70.85 79.2 ]
  [73.   81.3 ]
  [69.4  80.  ]
  [66.15 76.8 ]]

 [[54.3  58.25]
  [66.75 83.8 ]
  [72.75 83.75]
  [73.75 85.95]
  [72.7  84.6 ]
  [65.9  81.9 ]]]
INFO:root:Average accuracies [58.98  72.825 76.72  78.935 77.57  74.92 ]
INFO:root:f1 score [0.9        0.99973333 1.         0.99977324 1.         1.        ]
