INFO:root:Created new directory ./experiments/mnist/dirichlet_mnist/NS/n_20_m_16_f_9_T_100_runs_5_alpha_1.0
INFO:root:Initial dataloading done
INFO:root:runtime [97.04249334335327, 96.59339737892151, 96.53201794624329, 96.51757955551147, 96.47116255760193]
INFO:root:results [[[62.3  64.05]
  [63.75 67.95]
  [63.5  70.1 ]
  [60.8  69.55]
  [50.   66.8 ]
  [13.85 59.4 ]]

 [[52.05 60.3 ]
  [55.4  63.05]
  [56.85 64.3 ]
  [57.25 67.45]
  [50.45 63.3 ]
  [29.85 51.4 ]]

 [[59.5  65.4 ]
  [62.85 69.25]
  [65.05 74.25]
  [53.8  75.3 ]
  [48.95 75.35]
  [30.4  43.1 ]]

 [[48.55 56.95]
  [51.25 66.65]
  [51.35 70.95]
  [52.45 71.35]
  [51.1  71.3 ]
  [26.65 49.25]]

 [[44.   61.  ]
  [46.15 72.6 ]
  [46.75 74.  ]
  [44.9  74.1 ]
  [43.1  75.65]
  [22.1  48.25]]]
INFO:root:Average accuracies [57.41  61.89  63.71  62.695 59.6   37.425]
INFO:root:f1 score [0.79900523 0.7990031  0.89901787 0.99935817 0.89902911 0.6       ]
