INFO:root:Created new directory ./experiments/mnist/dirichlet_mnist/PR/n_20_m_16_f_3_T_100_runs_5_alpha_3.0
INFO:root:Initial dataloading done
INFO:root:runtime [120.13095617294312, 119.56894898414612, 119.76405048370361, 119.41779923439026, 119.353351354599]
INFO:root:results [[[55.15 67.95]
  [70.85 88.4 ]
  [78.35 89.  ]
  [81.15 88.4 ]
  [79.15 90.5 ]
  [77.75 90.3 ]]

 [[54.2  62.25]
  [68.45 81.65]
  [75.2  85.25]
  [76.1  86.95]
  [77.8  85.75]
  [78.95 85.45]]

 [[48.65 69.9 ]
  [74.4  85.45]
  [78.95 85.3 ]
  [79.3  87.2 ]
  [77.   87.15]
  [80.25 85.85]]

 [[57.6  72.65]
  [75.6  83.75]
  [79.7  86.7 ]
  [81.   86.35]
  [79.75 88.2 ]
  [82.1  88.95]]

 [[45.   62.8 ]
  [71.85 85.  ]
  [74.3  85.45]
  [75.25 85.75]
  [79.05 86.15]
  [72.95 85.85]]]
INFO:root:Average accuracies [59.615 78.54  81.82  82.745 83.05  82.84 ]
INFO:root:f1 score [0.79870129 0.99963899 0.99964158 0.99939344 0.99964664 0.99964664]
