INFO:root:Created new directory ./experiments/mnist/dirichlet_mnist/n_20_m_16_f_9_T_100_runs_5_alpha_1.0
INFO:root:Initial dataloading done
INFO:root:runtime [97.99158644676208, 97.63665390014648, 97.55640625953674, 97.40328121185303, 97.45318150520325]
INFO:root:results [[[62.3  64.05]
  [60.6  62.6 ]
  [59.25 61.35]
  [39.95 58.6 ]
  [33.9  53.2 ]
  [25.05 13.4 ]]

 [[52.05 60.3 ]
  [54.15 62.15]
  [54.6  62.95]
  [51.8  62.85]
  [44.8  61.25]
  [ 8.7  17.25]]

 [[59.5  65.4 ]
  [62.2  66.85]
  [60.8  66.95]
  [56.4  64.35]
  [27.6  64.8 ]
  [21.9  42.55]]

 [[48.55 56.95]
  [46.35 62.1 ]
  [45.3  62.2 ]
  [46.15 53.85]
  [32.1  63.8 ]
  [ 3.9  34.9 ]]

 [[44.   61.  ]
  [42.4  66.2 ]
  [40.85 66.9 ]
  [42.45 66.65]
  [15.55 61.65]
  [27.9  36.35]]]
INFO:root:Average accuracies [57.41  58.56  58.115 54.305 45.865 23.19 ]
INFO:root:f1 score [0.79900523 0.899631   0.899631   0.8990727  0.69940623 0.29831917]
