INFO:root:Created new directory ./experiments/mnist/dirichlet_mnist/GR/n_20_m_16_f_6_T_100_runs_5_alpha_1.0
INFO:root:Initial dataloading done
INFO:root:runtime [109.89025735855103, 109.27510118484497, 108.58996844291687, 109.12572717666626, 109.07533884048462]
INFO:root:results [[[62.   64.4 ]
  [68.6  72.45]
  [72.3  73.9 ]
  [70.55 75.3 ]
  [63.45 74.8 ]
  [48.95 77.7 ]]

 [[63.8  66.25]
  [70.5  74.65]
  [73.2  74.15]
  [68.3  74.25]
  [67.6  73.7 ]
  [37.15 67.5 ]]

 [[61.75 70.65]
  [67.45 79.15]
  [70.35 79.85]
  [69.4  79.8 ]
  [55.4  78.45]
  [27.2  72.5 ]]

 [[61.1  66.75]
  [67.45 69.45]
  [44.25 68.25]
  [70.3  73.5 ]
  [59.55 77.1 ]
  [36.8  57.45]]

 [[51.95 74.05]
  [62.65 82.6 ]
  [65.4  84.05]
  [65.1  84.25]
  [56.3  85.35]
  [26.8  23.4 ]]]
INFO:root:Average accuracies [64.27  71.495 70.57  73.075 69.17  47.545]
INFO:root:f1 score [0.99894994 0.99887406 0.99953917 0.9995671  0.99935018 0.8       ]
