INFO:root:Created new directory ./experiments/mnist/dirichlet_mnist/NS/n_20_m_8_f_9_T_100_runs_5_alpha_1.0
INFO:root:Initial dataloading done
INFO:root:runtime [89.55857396125793, 89.21226859092712, 89.1918773651123, 89.18113017082214, 89.25038814544678]
INFO:root:results [[[44.15 42.4 ]
  [45.2  48.4 ]
  [46.55 56.55]
  [48.35 60.75]
  [46.55 57.8 ]
  [12.8  37.65]]

 [[38.6  44.15]
  [40.8  49.  ]
  [41.85 53.2 ]
  [41.4  55.65]
  [37.8  55.  ]
  [13.15 55.25]]

 [[37.7  54.15]
  [37.4  58.5 ]
  [36.85 59.85]
  [37.15 60.5 ]
  [36.3  60.4 ]
  [30.35 44.8 ]]

 [[53.15 51.4 ]
  [53.7  61.  ]
  [55.55 69.25]
  [56.7  70.6 ]
  [58.35 70.55]
  [36.45 51.85]]

 [[21.95 34.2 ]
  [30.45 45.7 ]
  [36.   48.95]
  [37.75 50.35]
  [35.1  50.9 ]
  [23.65 29.55]]]
INFO:root:Average accuracies [42.185 47.015 50.46  51.92  50.875 33.55 ]
INFO:root:f1 score [0.48594166 0.5919506  0.59338429 0.59373459 0.5950342  0.59030837]
