INFO:root:Created new directory ./experiments/mnist/dirichlet_mnist/n_20_m_16_f_6_T_100_runs_5_alpha_3.0
INFO:root:Initial dataloading done
INFO:root:runtime [111.65477347373962, 112.02080154418945, 107.9285638332367, 108.02821946144104, 107.97643089294434]
INFO:root:results [[[55.25 67.8 ]
  [60.6  84.4 ]
  [67.1  85.8 ]
  [68.8  85.5 ]
  [61.6  86.85]
  [18.5  56.6 ]]

 [[43.15 62.  ]
  [54.45 81.45]
  [57.   83.9 ]
  [62.2  85.3 ]
  [54.4  83.45]
  [ 8.7  37.5 ]]

 [[54.4  71.45]
  [70.5  75.1 ]
  [73.1  78.3 ]
  [73.   80.  ]
  [68.3  77.15]
  [14.9  64.25]]

 [[53.4  69.8 ]
  [64.45 76.7 ]
  [67.3  78.8 ]
  [67.45 79.95]
  [59.4  79.65]
  [17.55 35.9 ]]

 [[54.3  58.25]
  [63.3  84.1 ]
  [66.2  83.75]
  [65.5  82.25]
  [47.1  86.65]
  [24.2  33.25]]]
INFO:root:Average accuracies [58.98  71.505 74.125 74.995 70.455 31.135]
INFO:root:f1 score [0.9        1.         1.         1.         1.         0.57901042]
