INFO:root:Created new directory ./experiments/mnist/dirichlet_mnist/NS/n_20_m_8_f_3_T_100_runs_5_alpha_1.0
INFO:root:Initial dataloading done
INFO:root:runtime [109.31427812576294, 108.70971012115479, 108.78050899505615, 108.62274241447449, 108.46827220916748]
INFO:root:results [[[44.15 42.6 ]
  [65.4  80.55]
  [71.1  82.5 ]
  [77.95 83.5 ]
  [78.   83.55]
  [67.15 81.1 ]]

 [[52.9  46.85]
  [66.85 76.75]
  [72.85 79.95]
  [78.65 79.65]
  [78.8  80.1 ]
  [68.4  78.25]]

 [[41.05 45.85]
  [72.25 74.5 ]
  [76.4  77.45]
  [75.55 80.6 ]
  [75.65 80.65]
  [72.2  80.9 ]]

 [[44.   60.5 ]
  [62.25 82.95]
  [70.45 82.35]
  [72.9  82.45]
  [74.45 82.25]
  [75.75 78.45]]

 [[38.85 52.8 ]
  [68.6  75.4 ]
  [61.55 80.9 ]
  [77.05 82.35]
  [73.35 81.1 ]
  [79.2  81.65]]]
INFO:root:Average accuracies [46.955 72.55  75.55  79.065 78.79  76.305]
INFO:root:f1 score [0.89522277 0.99906248 0.99907371 0.9990815  0.99938399 0.99978308]
