INFO:root:Created new directory ./experiments/mnist/dirichlet_mnist/NS/n_20_m_8_f_0_T_100_runs_5_alpha_1.0
INFO:root:Initial dataloading done
INFO:root:runtime [117.9874701499939, 114.58714008331299, 114.76716327667236, 114.69900798797607, 114.90746426582336]
INFO:root:results [[[44.15 42.55]
  [68.35 83.1 ]
  [76.7  85.25]
  [80.2  85.5 ]
  [81.6  85.4 ]
  [71.1  85.25]]

 [[41.45 48.65]
  [63.4  77.4 ]
  [69.1  81.1 ]
  [74.35 81.9 ]
  [78.65 83.  ]
  [77.95 83.3 ]]

 [[43.6  55.45]
  [73.05 81.1 ]
  [77.6  85.05]
  [76.3  84.2 ]
  [81.2  84.7 ]
  [80.25 84.5 ]]

 [[54.25 63.15]
  [55.35 75.5 ]
  [73.4  77.25]
  [72.4  77.15]
  [78.75 78.5 ]
  [78.4  78.65]]

 [[53.1  55.6 ]
  [69.8  81.95]
  [74.8  83.1 ]
  [78.25 83.85]
  [79.35 84.25]
  [80.85 83.9 ]]]
INFO:root:Average accuracies [50.195 72.9   78.335 79.41  81.54  80.415]
INFO:root:f1 score [0.69826815 0.99968254 1.         1.         1.         1.        ]
