INFO:root:Created new directory ./experiments/mnist/dirichlet_mnist/GR/n_20_m_8_f_9_T_100_runs_5_alpha_3.0
INFO:root:Initial dataloading done
INFO:root:runtime [88.73576927185059, 87.87733960151672, 88.04920554161072, 88.00740623474121, 87.84581899642944]
INFO:root:results [[[26.7  61.1 ]
  [29.25 70.7 ]
  [31.15 70.85]
  [31.6  71.15]
  [30.25 70.  ]
  [ 9.05 18.95]]

 [[38.9  47.85]
  [40.05 50.35]
  [40.55 46.45]
  [41.35 51.1 ]
  [42.4  49.5 ]
  [28.05 11.65]]

 [[26.1  54.05]
  [34.05 64.25]
  [36.85 65.15]
  [36.95 65.05]
  [34.3  65.95]
  [24.85 31.5 ]]

 [[48.1  43.55]
  [45.65 48.2 ]
  [47.7  47.35]
  [43.5  45.85]
  [40.15 44.9 ]
  [15.75 33.65]]

 [[45.6  64.1 ]
  [46.5  63.7 ]
  [46.05 61.6 ]
  [46.25 60.9 ]
  [36.4  73.95]
  [ 8.6  15.95]]]
INFO:root:Average accuracies [45.605 49.27  49.37  49.37  48.78  19.8  ]
INFO:root:f1 score [0.69681683 0.89750781 0.8934066  0.89764093 0.89496219 0.49575967]
