INFO:root:Created new directory ./experiments/mnist/dirichlet_mnist/NS/n_20_m_16_f_3_T_100_runs_5_alpha_100.0
INFO:root:Initial dataloading done
INFO:root:runtime [121.00617098808289, 120.3524489402771, 120.5576012134552, 120.42448878288269, 120.34722232818604]
INFO:root:results [[[38.05 35.7 ]
  [68.7  80.7 ]
  [75.15 85.25]
  [79.9  86.35]
  [75.05 85.2 ]
  [78.85 86.55]]

 [[50.1  55.6 ]
  [64.25 77.5 ]
  [68.05 83.35]
  [71.85 84.75]
  [74.2  85.7 ]
  [79.25 85.95]]

 [[34.05 51.2 ]
  [57.35 77.7 ]
  [67.85 83.8 ]
  [70.3  83.95]
  [77.3  84.65]
  [73.65 84.4 ]]

 [[42.75 49.65]
  [68.4  79.6 ]
  [76.3  82.6 ]
  [76.7  84.6 ]
  [77.1  85.1 ]
  [75.6  85.4 ]]

 [[48.05 50.1 ]
  [62.   78.55]
  [71.05 84.4 ]
  [73.65 85.3 ]
  [76.45 85.9 ]
  [78.45 84.9 ]]]
INFO:root:Average accuracies [45.525 71.475 77.78  79.735 80.665 81.3  ]
INFO:root:f1 score [0.79892473 0.99972603 1.         1.         1.         1.        ]
