INFO:root:Created new directory ./experiments/mnist/dirichlet_mnist/GR/n_20_m_8_f_6_T_100_runs_5_alpha_1.0
INFO:root:Initial dataloading done
INFO:root:runtime [100.43132758140564, 99.06223201751709, 98.82540011405945, 98.80341482162476, 98.49233937263489]
INFO:root:results [[[44.35 42.5 ]
  [49.4  56.1 ]
  [52.3  61.7 ]
  [52.9  63.65]
  [50.55 68.1 ]
  [44.85 62.05]]

 [[58.4  40.05]
  [63.6  67.05]
  [68.2  65.05]
  [70.25 64.55]
  [63.6  62.95]
  [41.4  56.95]]

 [[52.85 55.85]
  [60.45 65.5 ]
  [69.35 65.45]
  [70.35 65.35]
  [68.25 76.8 ]
  [27.15 63.2 ]]

 [[56.4  55.15]
  [65.7  75.45]
  [66.6  77.15]
  [66.5  76.6 ]
  [66.65 75.45]
  [10.95 46.7 ]]

 [[42.   49.7 ]
  [50.   61.5 ]
  [52.4  63.75]
  [51.55 65.5 ]
  [37.05 67.55]
  [20.2  56.55]]]
INFO:root:Average accuracies [49.725 61.475 64.195 64.72  63.695 43.   ]
INFO:root:f1 score [0.49893617 0.89827444 0.89958159 0.89960474 0.89967427 0.69694688]
