INFO:root:Created new directory ./experiments/mnist/dirichlet_mnist/PR/n_20_m_16_f_3_T_100_runs_5_alpha_100.0
INFO:root:Initial dataloading done
INFO:root:runtime [120.87223243713379, 120.36641693115234, 120.47589373588562, 120.28958129882812, 120.04303097724915]
INFO:root:results [[[38.05 35.7 ]
  [68.85 80.95]
  [72.25 85.55]
  [78.35 86.6 ]
  [82.15 85.15]
  [76.7  80.4 ]]

 [[50.1  55.6 ]
  [64.85 77.85]
  [68.15 83.4 ]
  [70.95 84.9 ]
  [76.   85.65]
  [74.15 86.15]]

 [[34.05 51.2 ]
  [58.1  77.85]
  [64.95 83.75]
  [70.75 84.45]
  [70.95 84.75]
  [75.75 84.6 ]]

 [[42.75 49.65]
  [68.   79.45]
  [76.4  82.75]
  [76.2  84.7 ]
  [77.5  85.55]
  [78.7  86.05]]

 [[48.05 50.1 ]
  [63.05 79.  ]
  [72.05 84.8 ]
  [75.15 85.2 ]
  [77.4  86.15]
  [77.15 85.6 ]]]
INFO:root:Average accuracies [45.525 71.795 77.405 79.725 81.125 80.525]
INFO:root:f1 score [0.79892473 0.99972299 1.         1.         1.         1.        ]
