INFO:root:Created new directory ./experiments/mnist/dirichlet_mnist/NS/n_20_m_8_f_3_T_100_runs_5_alpha_3.0
INFO:root:Initial dataloading done
INFO:root:runtime [109.21924376487732, 108.89640069007874, 108.9143636226654, 108.68778014183044, 108.79041624069214]
INFO:root:results [[[26.7  61.2 ]
  [58.15 79.45]
  [69.75 79.6 ]
  [67.9  80.5 ]
  [78.   81.45]
  [79.1  81.25]]

 [[45.65 54.2 ]
  [70.8  82.5 ]
  [75.25 84.25]
  [77.4  85.  ]
  [77.8  85.65]
  [73.9  85.6 ]]

 [[32.65 50.65]
  [62.15 79.  ]
  [72.45 80.5 ]
  [75.65 79.5 ]
  [68.35 80.  ]
  [63.45 75.6 ]]

 [[35.1  43.35]
  [59.   83.45]
  [73.1  87.15]
  [75.25 87.3 ]
  [77.55 86.65]
  [75.1  86.95]]

 [[38.55 36.45]
  [56.4  74.7 ]
  [57.15 78.5 ]
  [70.95 79.6 ]
  [72.1  81.05]
  [73.1  81.3 ]]]
INFO:root:Average accuracies [42.45  70.56  75.77  77.905 78.86  77.535]
INFO:root:f1 score [0.69922078 0.9992126  0.99923475 0.99973333 0.99973333 0.99972603]
