INFO:root:Created new directory ./experiments/mnist/dirichlet_mnist/n_20_m_8_f_9_T_100_runs_5_alpha_100.0
INFO:root:Initial dataloading done
INFO:root:runtime [91.91279411315918, 91.15401244163513, 92.10616636276245, 90.67407846450806, 89.88551139831543]
INFO:root:results [[[25.15 37.25]
  [25.8  38.95]
  [25.35 37.1 ]
  [28.2  38.65]
  [20.1  34.45]
  [ 9.45 31.9 ]]

 [[47.05 40.45]
  [47.55 44.25]
  [45.3  42.15]
  [44.75 43.3 ]
  [39.6  27.55]
  [23.65  7.15]]

 [[46.4  38.2 ]
  [43.4  47.35]
  [42.25 47.4 ]
  [43.75 43.2 ]
  [38.15 36.45]
  [14.45 27.7 ]]

 [[30.25 42.25]
  [31.6  42.55]
  [32.05 34.45]
  [33.8  35.75]
  [31.25 38.45]
  [21.25 29.25]]

 [[29.7  49.85]
  [31.55 52.1 ]
  [31.35 51.3 ]
  [32.45 50.6 ]
  [16.55 51.55]
  [12.6  12.9 ]]]
INFO:root:Average accuracies [38.655 40.51  38.87  39.445 33.41  19.03 ]
INFO:root:f1 score [0.6986834  0.79895137 0.79679879 0.79932886 0.69595035 0.4       ]
