INFO:root:Created new directory ./experiments/mnist/dirichlet_mnist/n_20_m_8_f_3_T_100_runs_5_alpha_3.0
INFO:root:Initial dataloading done
INFO:root:runtime [114.05448412895203, 111.27037620544434, 108.48914742469788, 108.09136962890625, 108.1981475353241]
INFO:root:results [[[26.7  61.2 ]
  [57.8  79.15]
  [67.55 79.35]
  [66.4  80.8 ]
  [72.3  81.5 ]
  [77.2  81.2 ]]

 [[45.65 54.2 ]
  [70.25 81.65]
  [73.45 83.2 ]
  [74.9  85.05]
  [75.3  84.55]
  [77.55 83.75]]

 [[32.65 50.65]
  [61.6  78.5 ]
  [68.3  80.05]
  [67.3  81.15]
  [69.9  81.45]
  [48.25 75.45]]

 [[35.1  43.35]
  [56.05 82.4 ]
  [71.45 85.85]
  [73.2  86.8 ]
  [73.6  86.75]
  [70.5  87.05]]

 [[38.55 36.45]
  [54.2  73.85]
  [57.95 77.4 ]
  [68.8  79.35]
  [72.15 78.75]
  [40.3  80.65]]]
INFO:root:Average accuracies [42.45  69.545 74.455 76.375 77.625 72.19 ]
INFO:root:f1 score [0.69922078 0.99887362 0.99923363 0.9997319  0.99973475 0.99945055]
