INFO:root:Created new directory ./experiments/mnist/dirichlet_mnist/PR/n_20_m_8_f_6_T_100_runs_5_alpha_100.0
INFO:root:Initial dataloading done
INFO:root:runtime [98.7589180469513, 98.55224108695984, 98.30839371681213, 98.25309705734253, 98.10357761383057]
INFO:root:results [[[25.15 37.3 ]
  [50.55 72.9 ]
  [64.05 76.35]
  [75.15 79.7 ]
  [75.7  79.1 ]
  [66.45 78.1 ]]

 [[38.65 34.05]
  [58.9  63.5 ]
  [64.55 73.3 ]
  [67.75 77.7 ]
  [67.05 78.35]
  [72.05 77.65]]

 [[39.95 40.1 ]
  [58.9  75.4 ]
  [72.5  79.6 ]
  [71.75 83.2 ]
  [74.9  82.55]
  [70.05 82.45]]

 [[32.9  33.75]
  [53.1  69.4 ]
  [65.6  78.45]
  [66.75 79.95]
  [68.35 78.9 ]
  [65.65 76.9 ]]

 [[35.4  43.2 ]
  [59.3  69.5 ]
  [69.95 79.3 ]
  [74.15 81.2 ]
  [73.7  82.5 ]
  [63.8  80.55]]]
INFO:root:Average accuracies [36.045 63.145 72.365 75.73  76.11  73.365]
INFO:root:f1 score [0.39011333 0.997      0.99978118 1.         1.         1.        ]
