INFO:root:Created new directory ./experiments/mnist/dirichlet_mnist/GR/n_20_m_8_f_3_T_100_runs_5_alpha_3.0
INFO:root:Initial dataloading done
INFO:root:runtime [109.41320490837097, 108.2818295955658, 108.27101278305054, 108.08816528320312, 107.99913454055786]
INFO:root:results [[[26.7  61.2 ]
  [57.7  79.3 ]
  [67.75 79.6 ]
  [73.85 81.1 ]
  [68.95 81.5 ]
  [65.85 81.1 ]]

 [[45.65 54.2 ]
  [69.95 82.2 ]
  [72.6  84.2 ]
  [75.2  84.75]
  [62.8  84.45]
  [72.25 83.9 ]]

 [[32.65 50.65]
  [61.5  78.7 ]
  [68.7  81.15]
  [74.3  81.1 ]
  [74.45 81.5 ]
  [51.75 75.55]]

 [[35.1  43.35]
  [55.4  82.45]
  [69.6  86.1 ]
  [72.7  86.95]
  [72.7  86.05]
  [71.5  87.35]]

 [[38.55 36.45]
  [54.2  73.8 ]
  [56.   77.5 ]
  [68.15 79.2 ]
  [69.2  79.8 ]
  [70.4  79.85]]]
INFO:root:Average accuracies [42.45 69.52 74.32 77.73 76.14 73.95]
INFO:root:f1 score [0.69922078 0.99887362 0.99923363 0.99973333 0.99973333 0.9997319 ]
