INFO:root:Created new directory ./experiments/mnist/dirichlet_mnist/n_20_m_8_f_6_T_100_runs_5_alpha_1.0
INFO:root:Initial dataloading done
INFO:root:runtime [101.48427200317383, 101.09641480445862, 101.04071521759033, 99.8395586013794, 99.98964548110962]
INFO:root:results [[[44.35 42.5 ]
  [49.35 56.55]
  [52.45 61.2 ]
  [52.1  60.6 ]
  [53.85 67.15]
  [ 8.4  38.2 ]]

 [[58.4  40.05]
  [63.8  67.1 ]
  [69.5  66.05]
  [71.05 68.65]
  [57.95 62.65]
  [46.85 58.05]]

 [[52.85 55.85]
  [60.85 65.5 ]
  [69.5  65.45]
  [70.6  65.8 ]
  [69.8  76.6 ]
  [31.05 63.65]]

 [[56.4  55.15]
  [65.75 75.7 ]
  [66.4  76.9 ]
  [66.6  76.5 ]
  [67.05 75.4 ]
  [ 9.5  54.  ]]

 [[42.   49.7 ]
  [49.05 65.4 ]
  [52.55 63.6 ]
  [51.6  65.25]
  [48.4  65.95]
  [19.7  46.5 ]]]
INFO:root:Average accuracies [49.725 61.905 64.36  64.875 64.48  37.59 ]
INFO:root:f1 score [0.49893617 0.89827426 0.89958506 0.89960159 0.89963899 0.69917494]
