INFO:root:Created new directory ./experiments/mnist/dirichlet_mnist/GR/n_20_m_16_f_3_T_100_runs_5_alpha_100.0
INFO:root:Initial dataloading done
INFO:root:runtime [122.60132503509521, 123.18273568153381, 122.20770788192749, 122.16976928710938, 121.88758683204651]
INFO:root:results [[[38.05 35.7 ]
  [65.2  80.1 ]
  [74.6  84.5 ]
  [78.8  85.3 ]
  [65.95 86.  ]
  [78.8  87.25]]

 [[50.1  55.6 ]
  [62.45 75.9 ]
  [68.   81.65]
  [63.25 83.4 ]
  [69.95 84.6 ]
  [77.5  84.6 ]]

 [[34.05 51.2 ]
  [56.2  76.5 ]
  [67.   81.45]
  [71.8  83.75]
  [66.35 84.5 ]
  [76.55 85.35]]

 [[42.75 49.65]
  [67.25 79.35]
  [74.65 82.15]
  [77.65 84.15]
  [77.8  84.8 ]
  [69.5  82.95]]

 [[48.05 50.1 ]
  [61.15 76.85]
  [70.2  83.3 ]
  [71.4  85.2 ]
  [71.95 86.1 ]
  [74.75 86.7 ]]]
INFO:root:Average accuracies [45.525 70.095 76.75  78.47  77.8   80.395]
INFO:root:f1 score [0.79892473 0.99972452 1.         1.         1.         1.        ]
