INFO:root:Created new directory ./experiments/mnist/dirichlet_mnist/NS/n_20_m_8_f_6_T_100_runs_5_alpha_100.0
INFO:root:Initial dataloading done
INFO:root:runtime [98.7581136226654, 98.2430272102356, 98.09137225151062, 98.01446199417114, 97.90375113487244]
INFO:root:results [[[25.15 37.3 ]
  [49.5  73.  ]
  [63.7  75.5 ]
  [67.35 76.9 ]
  [61.45 77.35]
  [70.85 75.95]]

 [[38.65 34.05]
  [55.8  56.65]
  [61.25 66.6 ]
  [64.   70.15]
  [63.9  73.05]
  [63.95 72.85]]

 [[39.95 40.1 ]
  [52.7  72.  ]
  [70.05 76.95]
  [69.45 80.7 ]
  [67.05 81.  ]
  [67.   77.65]]

 [[32.9  33.75]
  [50.6  69.2 ]
  [59.95 75.1 ]
  [64.6  76.95]
  [66.2  77.7 ]
  [64.3  75.7 ]]

 [[35.4  43.2 ]
  [56.4  68.35]
  [68.1  76.05]
  [70.25 78.4 ]
  [72.5  79.4 ]
  [70.7  80.1 ]]]
INFO:root:Average accuracies [36.045 60.42  69.325 71.875 71.96  71.905]
INFO:root:f1 score [0.39011333 0.99552843 0.99978213 1.         1.         1.        ]
