INFO:root:Created new directory ./experiments/mnist/dirichlet_mnist/PR/n_20_m_8_f_6_T_100_runs_5_alpha_3.0
INFO:root:Initial dataloading done
INFO:root:runtime [99.27336406707764, 99.02403807640076, 98.8505711555481, 98.82204699516296, 98.6617181301117]
INFO:root:results [[[26.7  61.15]
  [54.35 77.3 ]
  [62.3  78.7 ]
  [66.6  76.85]
  [64.25 77.2 ]
  [69.   77.85]]

 [[35.4  41.15]
  [61.9  75.2 ]
  [68.4  77.05]
  [70.1  75.9 ]
  [71.   73.75]
  [70.55 62.6 ]]

 [[21.75 64.95]
  [56.3  79.7 ]
  [59.15 79.2 ]
  [63.2  78.4 ]
  [64.85 75.05]
  [59.1  75.6 ]]

 [[39.95 42.55]
  [64.05 77.15]
  [71.45 81.75]
  [72.8  81.85]
  [74.45 82.1 ]
  [72.85 79.6 ]]

 [[44.3  51.95]
  [52.75 73.1 ]
  [64.45 76.1 ]
  [68.05 77.15]
  [63.35 80.15]
  [63.35 81.15]]]
INFO:root:Average accuracies [42.985 67.18  71.855 73.09  72.615 71.165]
INFO:root:f1 score [0.59816946 0.99836447 0.99865361 0.99891689 0.99865369 0.99910178]
