INFO:root:Created new directory ./experiments/mnist/dirichlet_mnist/NS/n_20_m_16_f_6_T_100_runs_5_alpha_100.0
INFO:root:Initial dataloading done
INFO:root:runtime [108.8412938117981, 108.6294276714325, 108.32927298545837, 108.3280839920044, 108.20481181144714]
INFO:root:results [[[37.95 35.55]
  [60.9  75.2 ]
  [67.75 80.2 ]
  [69.95 81.4 ]
  [67.15 82.65]
  [67.95 83.55]]

 [[54.2  56.95]
  [68.   77.35]
  [74.25 80.45]
  [76.   81.8 ]
  [72.3  82.6 ]
  [71.6  82.5 ]]

 [[51.9  44.7 ]
  [61.95 75.85]
  [69.4  80.1 ]
  [73.25 83.7 ]
  [69.45 83.95]
  [69.   79.95]]

 [[45.85 48.1 ]
  [59.4  77.55]
  [66.85 81.25]
  [70.8  83.25]
  [71.45 83.75]
  [69.6  84.1 ]]

 [[46.95 45.1 ]
  [66.5  71.3 ]
  [71.65 75.25]
  [72.8  77.2 ]
  [65.7  77.55]
  [68.5  82.65]]]
INFO:root:Average accuracies [46.725 69.4   74.715 77.015 75.655 75.94 ]
INFO:root:f1 score [0.7997543 1.        1.        1.        1.        1.       ]
