INFO:root:Created new directory ./experiments/mnist/dirichlet_mnist/GR/n_20_m_16_f_0_T_100_runs_5_alpha_100.0
INFO:root:Initial dataloading done
INFO:root:runtime [131.4393813610077, 128.88069462776184, 129.56000089645386, 130.21631288528442, 130.040043592453]
INFO:root:results [[[37.95 35.7 ]
  [72.5  83.3 ]
  [81.65 87.  ]
  [83.95 87.8 ]
  [79.05 88.35]
  [84.9  88.35]]

 [[47.6  49.1 ]
  [71.4  77.45]
  [78.15 83.75]
  [80.95 85.35]
  [82.15 85.7 ]
  [83.2  86.5 ]]

 [[53.75 51.55]
  [70.85 83.8 ]
  [78.9  86.25]
  [79.4  87.2 ]
  [79.8  86.2 ]
  [76.25 88.15]]

 [[41.35 53.  ]
  [71.4  81.  ]
  [75.   83.5 ]
  [79.   85.35]
  [79.35 85.65]
  [75.35 85.95]]

 [[38.95 46.1 ]
  [64.55 79.15]
  [72.5  82.7 ]
  [79.1  86.05]
  [78.55 86.7 ]
  [78.55 87.6 ]]]
INFO:root:Average accuracies [45.505 75.54  80.94  83.415 83.15  83.48 ]
INFO:root:f1 score [0.89975186 1.         1.         1.         1.         1.        ]
