INFO:root:Created new directory ./experiments/mnist/dirichlet_mnist/PR/n_20_m_16_f_9_T_100_runs_5_alpha_1.0
INFO:root:Initial dataloading done
INFO:root:runtime [96.08340978622437, 95.71671223640442, 95.87994909286499, 95.78778624534607, 95.77858757972717]
INFO:root:results [[[62.3  64.05]
  [66.75 72.45]
  [70.9  75.1 ]
  [72.65 75.9 ]
  [67.95 75.95]
  [66.05 80.  ]]

 [[52.05 60.3 ]
  [57.75 63.75]
  [65.1  74.35]
  [68.05 78.25]
  [65.35 81.15]
  [47.15 82.05]]

 [[59.5  65.4 ]
  [64.25 74.6 ]
  [67.35 76.8 ]
  [69.7  77.45]
  [65.7  77.65]
  [50.25 79.9 ]]

 [[48.55 56.95]
  [51.6  68.8 ]
  [53.7  73.75]
  [56.95 75.95]
  [56.2  76.  ]
  [35.95 72.15]]

 [[44.   61.  ]
  [49.5  81.05]
  [66.7  82.85]
  [68.65 81.05]
  [55.8  81.1 ]
  [48.45 81.15]]]
INFO:root:Average accuracies [57.41  65.05  70.66  72.46  70.285 64.31 ]
INFO:root:f1 score [0.79900523 0.99893766 0.99897143 0.99932652 1.         0.89978495]
