INFO:root:Created new directory ./experiments/mnist/dirichlet_mnist/NS/n_20_m_8_f_9_T_100_runs_5_alpha_3.0
INFO:root:Initial dataloading done
INFO:root:runtime [91.12929487228394, 90.55780720710754, 90.77101445198059, 90.6644537448883, 90.7293791770935]
INFO:root:results [[[26.7  61.1 ]
  [29.25 72.95]
  [34.1  74.6 ]
  [36.4  74.25]
  [30.2  74.3 ]
  [31.7  54.9 ]]

 [[38.9  47.85]
  [44.6  49.75]
  [47.55 51.05]
  [48.5  53.65]
  [44.75 51.8 ]
  [27.65 26.1 ]]

 [[26.1  54.05]
  [32.75 66.35]
  [34.85 67.25]
  [33.75 66.05]
  [27.45 65.7 ]
  [13.15 64.5 ]]

 [[48.1  43.55]
  [49.95 55.2 ]
  [51.6  59.55]
  [52.2  61.15]
  [51.65 61.05]
  [29.1  44.35]]

 [[45.6  64.1 ]
  [47.   73.55]
  [50.25 74.45]
  [50.75 76.65]
  [46.1  72.1 ]
  [20.55 45.6 ]]]
INFO:root:Average accuracies [45.605 52.135 54.525 55.335 52.51  35.76 ]
INFO:root:f1 score [0.69681683 0.8967261  0.9884902  0.98917949 0.89866981 0.89491106]
