INFO:root:Created new directory ./experiments/mnist/dirichlet_mnist/n_20_m_8_f_9_T_100_runs_5_alpha_1.0
INFO:root:Initial dataloading done
INFO:root:runtime [90.2143783569336, 89.09979391098022, 89.17890095710754, 89.18523454666138, 88.97056889533997]
INFO:root:results [[[44.15 42.4 ]
  [42.9  44.2 ]
  [41.25 44.65]
  [39.95 44.95]
  [16.5  39.65]
  [25.05 35.55]]

 [[38.6  44.15]
  [43.85 51.8 ]
  [33.7  49.05]
  [40.65 50.9 ]
  [37.2  49.15]
  [22.2  40.4 ]]

 [[37.7  54.15]
  [37.45 55.05]
  [37.9  55.1 ]
  [36.55 54.2 ]
  [13.25 52.3 ]
  [34.4  35.2 ]]

 [[53.15 51.4 ]
  [49.9  53.3 ]
  [47.85 50.05]
  [46.85 59.75]
  [36.5  48.7 ]
  [ 3.9   4.9 ]]

 [[21.95 34.2 ]
  [23.2  40.8 ]
  [22.9  39.75]
  [22.45 36.15]
  [17.45 37.25]
  [ 8.05 18.8 ]]]
INFO:root:Average accuracies [42.185 44.245 42.22  43.24  34.795 22.845]
INFO:root:f1 score [0.48594166 0.58333854 0.6722666  0.58312213 0.69176511 0.39383991]
