INFO:root:Created new directory ./experiments/mnist/dirichlet_mnist/n_20_m_16_f_6_T_100_runs_5_alpha_100.0
INFO:root:Initial dataloading done
INFO:root:runtime [109.62289547920227, 109.22969603538513, 109.26445436477661, 109.21484231948853, 108.92760276794434]
INFO:root:results [[[37.95 35.55]
  [57.9  73.35]
  [63.95 77.45]
  [65.05 77.  ]
  [50.65 78.  ]
  [11.   51.65]]

 [[54.2  56.95]
  [63.1  73.3 ]
  [68.65 75.7 ]
  [67.2  75.1 ]
  [50.65 80.6 ]
  [35.75 71.1 ]]

 [[51.9  44.7 ]
  [60.   74.75]
  [66.05 77.3 ]
  [66.95 79.75]
  [52.65 79.3 ]
  [28.1  37.5 ]]

 [[45.85 48.1 ]
  [55.95 74.2 ]
  [61.8  78.25]
  [61.85 79.4 ]
  [45.55 79.55]
  [ 9.45 62.  ]]

 [[46.95 45.1 ]
  [61.5  64.5 ]
  [64.35 70.7 ]
  [59.3  71.45]
  [33.15 68.15]
  [20.05 50.15]]]
INFO:root:Average accuracies [46.725 65.855 70.42  70.305 61.825 37.675]
INFO:root:f1 score [0.7997543  1.         1.         1.         0.89936575 0.69608264]
