INFO:root:Created new directory ./experiments/mnist/dirichlet_mnist/NS/n_20_m_16_f_3_T_100_runs_5_alpha_1.0
INFO:root:Initial dataloading done
INFO:root:runtime [123.03881096839905, 122.39019012451172, 122.50409126281738, 122.27853393554688, 122.38745021820068]
INFO:root:results [[[62.3  63.9 ]
  [73.25 78.45]
  [76.75 81.45]
  [74.15 82.6 ]
  [81.05 83.  ]
  [79.3  82.95]]

 [[58.5  51.65]
  [67.05 71.45]
  [71.9  80.6 ]
  [75.65 82.5 ]
  [65.05 84.45]
  [65.75 82.7 ]]

 [[58.55 69.7 ]
  [74.95 86.05]
  [81.3  87.05]
  [80.6  86.35]
  [77.15 87.1 ]
  [70.5  87.6 ]]

 [[47.05 68.05]
  [57.8  79.85]
  [66.15 84.05]
  [66.35 83.6 ]
  [65.9  85.2 ]
  [73.15 85.2 ]]

 [[52.85 61.15]
  [67.3  80.8 ]
  [72.1  83.4 ]
  [74.2  85.3 ]
  [65.4  84.65]
  [79.4  86.05]]]
INFO:root:Average accuracies [59.37  73.695 78.475 79.13  77.895 79.26 ]
INFO:root:f1 score [0.89945828 0.99950073 0.99940847 0.99904932 0.99940999 0.99899604]
