INFO:root:Created new directory ./experiments/mnist/dirichlet_mnist/n_20_m_8_f_9_T_100_runs_5_alpha_3.0
INFO:root:Initial dataloading done
INFO:root:runtime [88.67685198783875, 88.3921308517456, 88.30974435806274, 88.67705154418945, 88.35571050643921]
INFO:root:results [[[26.7  61.1 ]
  [29.3  70.7 ]
  [31.15 70.9 ]
  [31.6  71.2 ]
  [28.5  67.05]
  [ 9.35 42.8 ]]

 [[38.9  47.85]
  [40.3  47.95]
  [40.45 46.3 ]
  [41.8  51.2 ]
  [40.3  48.  ]
  [26.8  28.8 ]]

 [[26.1  54.05]
  [34.15 64.45]
  [36.7  65.15]
  [37.4  65.05]
  [28.6  64.4 ]
  [23.6   7.8 ]]

 [[48.1  43.55]
  [48.3  48.6 ]
  [47.6  47.35]
  [43.1  45.85]
  [39.3  47.  ]
  [10.45 19.2 ]]

 [[45.6  64.1 ]
  [46.55 62.85]
  [46.05 61.2 ]
  [44.9  60.9 ]
  [42.1  54.1 ]
  [ 8.6   8.85]]]
INFO:root:Average accuracies [45.605 49.315 49.285 49.3   45.935 18.625]
INFO:root:f1 score [0.69681683 0.89432735 0.89372872 0.89764093 0.8944195  0.58820804]
