INFO:root:Created new directory ./experiments/mnist/dirichlet_mnist/n_20_m_16_f_3_T_100_runs_5_alpha_100.0
INFO:root:Initial dataloading done
INFO:root:runtime [125.55422854423523, 123.03849935531616, 121.01635789871216, 120.88094711303711, 120.93227005004883]
INFO:root:results [[[38.05 35.7 ]
  [67.45 79.9 ]
  [73.8  84.55]
  [78.35 85.25]
  [77.3  85.5 ]
  [53.1  85.45]]

 [[50.1  55.6 ]
  [62.55 75.8 ]
  [69.4  81.85]
  [65.95 83.25]
  [71.   84.3 ]
  [75.65 84.9 ]]

 [[34.05 51.2 ]
  [56.45 76.  ]
  [67.75 81.45]
  [72.45 83.2 ]
  [73.8  84.5 ]
  [75.4  85.6 ]]

 [[42.75 49.65]
  [67.65 79.3 ]
  [74.95 82.4 ]
  [77.15 83.85]
  [70.9  84.8 ]
  [67.95 84.25]]

 [[48.05 50.1 ]
  [61.25 77.1 ]
  [71.3  83.5 ]
  [70.15 85.15]
  [71.25 86.2 ]
  [76.75 85.9 ]]]
INFO:root:Average accuracies [45.525 70.345 77.095 78.475 78.955 77.495]
INFO:root:f1 score [0.79892473 0.99972452 1.         1.         1.         1.        ]
