INFO:root:Created new directory ./experiments/mnist/dirichlet_mnist/n_20_m_8_f_6_T_100_runs_5_alpha_3.0
INFO:root:Initial dataloading done
INFO:root:runtime [100.55652236938477, 99.57401299476624, 99.26486873626709, 99.36832809448242, 98.93338799476624]
INFO:root:results [[[26.7  61.15]
  [50.65 77.05]
  [58.95 79.  ]
  [61.8  79.5 ]
  [57.75 80.  ]
  [21.45 75.8 ]]

 [[35.4  41.15]
  [52.1  75.1 ]
  [65.05 76.5 ]
  [66.7  76.65]
  [58.95 76.8 ]
  [31.9  54.45]]

 [[21.75 64.95]
  [45.95 79.6 ]
  [55.7  79.9 ]
  [56.15 79.2 ]
  [39.85 79.95]
  [10.3  37.6 ]]

 [[39.95 42.55]
  [58.05 74.65]
  [64.75 76.65]
  [66.3  77.75]
  [60.8  79.55]
  [12.25 57.85]]

 [[44.3  51.95]
  [49.85 71.05]
  [53.45 73.7 ]
  [56.25 68.1 ]
  [52.4  67.45]
  [30.5  64.1 ]]]
INFO:root:Average accuracies [42.985 63.405 68.365 68.84  65.35  39.62 ]
INFO:root:f1 score [0.59816946 0.99810282 0.99804127 0.99805565 0.99754067 0.75306777]
