INFO:root:Created new directory ./experiments/mnist/dirichlet_mnist/n_20_m_16_f_0_T_100_runs_5_alpha_3.0
INFO:root:Initial dataloading done
INFO:root:runtime [133.0819709300995, 132.16913294792175, 131.42919373512268, 131.90054154396057, 129.35988640785217]
INFO:root:results [[[55.2  67.85]
  [73.85 88.65]
  [81.2  89.25]
  [81.85 89.05]
  [80.95 90.4 ]
  [83.05 90.1 ]]

 [[65.05 69.55]
  [76.75 83.05]
  [80.95 83.85]
  [80.5  85.05]
  [79.85 85.75]
  [80.6  80.35]]

 [[48.65 69.25]
  [76.1  87.3 ]
  [81.55 90.15]
  [81.75 90.45]
  [80.55 90.65]
  [78.35 90.3 ]]

 [[61.7  75.3 ]
  [77.55 88.8 ]
  [77.05 89.1 ]
  [83.45 89.45]
  [81.3  89.45]
  [79.6  89.3 ]]

 [[51.5  69.2 ]
  [71.7  86.55]
  [77.6  88.45]
  [80.4  88.95]
  [80.6  89.35]
  [79.5  90.3 ]]]
INFO:root:Average accuracies [63.325 81.03  83.915 85.09  84.885 84.145]
INFO:root:f1 score [0.8986851  0.99966555 0.99966997 0.99966997 0.99966997 1.        ]
