INFO:root:Created new directory ./experiments/mnist/dirichlet_mnist/PR/n_20_m_16_f_0_T_100_runs_5_alpha_1.0
INFO:root:Initial dataloading done
INFO:root:runtime [127.97755718231201, 127.38320302963257, 127.4179995059967, 127.52506065368652, 127.45634841918945]
INFO:root:results [[[62.1  64.1 ]
  [75.85 81.  ]
  [79.3  83.65]
  [81.35 85.5 ]
  [83.8  85.1 ]
  [78.4  85.25]]

 [[51.9  67.35]
  [72.8  83.7 ]
  [79.15 86.3 ]
  [80.15 85.8 ]
  [84.1  87.4 ]
  [76.3  74.1 ]]

 [[53.5  65.4 ]
  [75.6  85.1 ]
  [78.65 87.45]
  [82.05 86.85]
  [82.05 86.9 ]
  [78.9  86.55]]

 [[54.45 71.85]
  [77.   84.45]
  [81.75 87.2 ]
  [82.8  88.15]
  [76.35 88.5 ]
  [79.2  79.7 ]]

 [[57.65 54.2 ]
  [75.75 83.25]
  [80.6  86.9 ]
  [79.55 87.  ]
  [70.95 88.2 ]
  [83.3  86.4 ]]]
INFO:root:Average accuracies [60.25  79.45  83.095 83.92  83.335 80.81 ]
INFO:root:f1 score [0.79833773 0.9993406  0.99933184 0.99955556 0.9995671  0.9991269 ]
