INFO:root:Created new directory ./experiments/mnist/dirichlet_mnist/PR/n_20_m_16_f_6_T_100_runs_5_alpha_100.0
INFO:root:Initial dataloading done
INFO:root:runtime [107.93666911125183, 107.74641704559326, 107.37629079818726, 107.41019368171692, 107.3351948261261]
INFO:root:results [[[37.95 35.55]
  [61.15 76.4 ]
  [66.55 80.45]
  [53.4  80.9 ]
  [73.35 83.55]
  [67.95 85.4 ]]

 [[54.2  56.95]
  [69.6  76.35]
  [76.   81.35]
  [76.8  82.65]
  [71.5  83.1 ]
  [69.05 84.45]]

 [[51.9  44.7 ]
  [64.9  75.85]
  [72.5  83.8 ]
  [74.45 83.8 ]
  [73.1  84.05]
  [71.05 81.65]]

 [[45.85 48.1 ]
  [60.65 78.7 ]
  [69.7  82.4 ]
  [73.8  84.  ]
  [72.1  85.35]
  [70.4  85.45]]

 [[46.95 45.1 ]
  [67.2  71.5 ]
  [72.9  77.75]
  [76.05 79.9 ]
  [66.15 77.25]
  [69.05 83.25]]]
INFO:root:Average accuracies [46.725 70.23  76.34  76.575 76.95  76.77 ]
INFO:root:f1 score [0.7997543 1.        1.        1.        1.        1.       ]
